[ 2016-11-28T10:40:54+08:00 ] 10.10.20.102 /Restaurant/food_list?content_code=CT032016081600133&usercode=1010000101161121020348500&user_session=10100001-d87b86ef-0de5-480b-9150-37eef8c01ba2&websitecode=&backUrl=http%3A%2F%2F10.10.20.11%3A15010%2Flist%2Frestaurant%3Fusercode%3D1010000101161121020348500%26user_session%3D10100001-d87b86ef-0de5-480b-9150-37eef8c01ba2%26websitecode%3D%26contentcode%3D%26pageIndex%3D0%26focusid%3Dtd0%26backUrl%3Dhttp%253A%252F%252F10.10.20.11%253A15010%252Findex%252Fshowpage%253Fusercode%253D1010000101161121020348500%2526user_session%253D10100001-d87b86ef-0de5-480b-9150-37eef8c01ba2%2526websitecode%253D%2526navcode%253DCM20160815002%2526focusid%253Dtd5%2526backUrl%253Dhttp%25253A%25252F%25252F10.10.20.11%25253A15008%25252F%25253Fexit%25253D1&_v=26339
INFO: [ app_init ] --START--
INFO: Run Behavior\BuildLiteBehavior [ RunTime:0.000024s ]
INFO: [ app_init ] --END-- [ RunTime:0.012537s ]
INFO: [ app_begin ] --START--
INFO: Run Behavior\ReadHtmlCacheBehavior [ RunTime:0.013732s ]
INFO: [ app_begin ] --END-- [ RunTime:0.013821s ]
INFO: BaseController->formatResolution :: user_session - 【10100001-d87b86ef-0de5-480b-9150-37eef8c01ba2】 $areacode - 【10100001】
INFO: function->initConfig :: $areacode - 【10100001】
INFO: ConfigCacheService->init :: $areacode - 【10100001】
NOTIC: [8] Undefined offset: 0 D:\tpcloud\tvportal\ThinkPHP\Library\Think\Db\Driver.class.php 第 113 行.
NOTIC: [8] Undefined offset: 0 D:\tpcloud\tvportal\ThinkPHP\Library\Think\Db\Driver.class.php 第 113 行.
NOTIC: [8] Undefined offset: 0 D:\tpcloud\tvportal\ThinkPHP\Library\Think\Db\Driver.class.php 第 113 行.
INFO: [ view_parse ] --START--
INFO: [ template_filter ] --START--
INFO: Run Behavior\ContentReplaceBehavior [ RunTime:0.001180s ]
INFO: [ template_filter ] --END-- [ RunTime:0.001276s ]
INFO: Run Behavior\ParseTemplateBehavior [ RunTime:0.078354s ]
INFO: [ view_parse ] --END-- [ RunTime:0.078428s ]
INFO: [ view_filter ] --START--
INFO: Run Behavior\WriteHtmlCacheBehavior [ RunTime:0.018230s ]
INFO: [ view_filter ] --END-- [ RunTime:0.018302s ]
INFO: [ app_end ] --START--
INFO: Run Behavior\ShowPageTraceBehavior [ RunTime:0.018986s ]
INFO: [ app_end ] --END-- [ RunTime:0.019092s ]

[ 2016-11-28T10:40:55+08:00 ] 10.10.20.102 /app/Home/Public/css/img/1_03.png
INFO: [ app_init ] --START--
INFO: Run Behavior\BuildLiteBehavior [ RunTime:0.000012s ]
INFO: [ app_init ] --END-- [ RunTime:0.000467s ]

[ 2016-11-28T10:40:55+08:00 ] 10.10.20.102 /app/Home/Public/css/img/2_03.png
INFO: [ app_init ] --START--
INFO: Run Behavior\BuildLiteBehavior [ RunTime:0.000011s ]
INFO: [ app_init ] --END-- [ RunTime:0.000517s ]

[ 2016-11-28T10:40:55+08:00 ] 10.10.20.102 /app/Home/Public/css/img/BG.png
INFO: [ app_init ] --START--
INFO: Run Behavior\BuildLiteBehavior [ RunTime:0.000013s ]
INFO: [ app_init ] --END-- [ RunTime:0.000467s ]

[ 2016-11-28T10:40:55+08:00 ] 10.10.20.102 /Restaurant/QiHao/getuser?usercode=1010000101161121020348500&user_session=10100001-d87b86ef-0de5-480b-9150-37eef8c01ba2&_v=88976
INFO: [ app_init ] --START--
INFO: Run Behavior\BuildLiteBehavior [ RunTime:0.000013s ]
INFO: [ app_init ] --END-- [ RunTime:0.000513s ]
INFO: [ app_begin ] --START--
INFO: Run Behavior\ReadHtmlCacheBehavior [ RunTime:0.000738s ]
INFO: [ app_begin ] --END-- [ RunTime:0.000791s ]
ERR: 非法操作:QiHao

[ 2016-11-28T10:40:55+08:00 ] 10.10.20.102 /Restaurant/Application/Upload/1280x720/background/BG.png
INFO: [ app_init ] --START--
INFO: Run Behavior\BuildLiteBehavior [ RunTime:0.000009s ]
INFO: [ app_init ] --END-- [ RunTime:0.000344s ]

[ 2016-11-28T10:40:55+08:00 ] 10.10.20.102 /favicon.ico
INFO: [ app_init ] --START--
INFO: Run Behavior\BuildLiteBehavior [ RunTime:0.000015s ]
INFO: [ app_init ] --END-- [ RunTime:0.000524s ]

[ 2016-11-28T10:41:18+08:00 ] 10.10.20.102 /Restaurant/food_list?content_code=CT032016081600133&usercode=1010000101161121020348500&user_session=10100001-d87b86ef-0de5-480b-9150-37eef8c01ba2&websitecode=&backUrl=http%3A%2F%2F10.10.20.11%3A15010%2Flist%2Frestaurant%3Fusercode%3D1010000101161121020348500%26user_session%3D10100001-d87b86ef-0de5-480b-9150-37eef8c01ba2%26websitecode%3D%26contentcode%3D%26pageIndex%3D0%26focusid%3Dtd0%26backUrl%3Dhttp%253A%252F%252F10.10.20.11%253A15010%252Findex%252Fshowpage%253Fusercode%253D1010000101161121020348500%2526user_session%253D10100001-d87b86ef-0de5-480b-9150-37eef8c01ba2%2526websitecode%253D%2526navcode%253DCM20160815002%2526focusid%253Dtd5%2526backUrl%253Dhttp%25253A%25252F%25252F10.10.20.11%25253A15008%25252F%25253Fexit%25253D1&_v=26339
INFO: [ app_init ] --START--
INFO: Run Behavior\BuildLiteBehavior [ RunTime:0.000011s ]
INFO: [ app_init ] --END-- [ RunTime:0.000352s ]
INFO: [ app_begin ] --START--
INFO: Run Behavior\ReadHtmlCacheBehavior [ RunTime:0.000603s ]
INFO: [ app_begin ] --END-- [ RunTime:0.000642s ]
INFO: BaseController->formatResolution :: user_session - 【10100001-d87b86ef-0de5-480b-9150-37eef8c01ba2】 $areacode - 【10100001】
INFO: function->initConfig :: $areacode - 【10100001】
INFO: ConfigCacheService->init :: $areacode - 【10100001】
NOTIC: [8] Undefined offset: 0 D:\tpcloud\tvportal\ThinkPHP\Library\Think\Db\Driver.class.php 第 113 行.
NOTIC: [8] Undefined offset: 0 D:\tpcloud\tvportal\ThinkPHP\Library\Think\Db\Driver.class.php 第 113 行.
NOTIC: [8] Undefined offset: 0 D:\tpcloud\tvportal\ThinkPHP\Library\Think\Db\Driver.class.php 第 113 行.
INFO: [ view_parse ] --START--
INFO: [ template_filter ] --START--
INFO: Run Behavior\ContentReplaceBehavior [ RunTime:0.000062s ]
INFO: [ template_filter ] --END-- [ RunTime:0.000097s ]
INFO: Run Behavior\ParseTemplateBehavior [ RunTime:0.006337s ]
INFO: [ view_parse ] --END-- [ RunTime:0.006373s ]
INFO: [ view_filter ] --START--
INFO: Run Behavior\WriteHtmlCacheBehavior [ RunTime:0.000423s ]
INFO: [ view_filter ] --END-- [ RunTime:0.000447s ]
INFO: [ app_end ] --START--
INFO: Run Behavior\ShowPageTraceBehavior [ RunTime:0.000593s ]
INFO: [ app_end ] --END-- [ RunTime:0.000646s ]

[ 2016-11-28T10:41:18+08:00 ] 10.10.20.102 /Restaurant/QiHao/getuser?usercode=1010000101161121020348500&user_session=10100001-d87b86ef-0de5-480b-9150-37eef8c01ba2&_v=22582
INFO: [ app_init ] --START--
INFO: Run Behavior\BuildLiteBehavior [ RunTime:0.000010s ]
INFO: [ app_init ] --END-- [ RunTime:0.000384s ]
INFO: [ app_begin ] --START--
INFO: Run Behavior\ReadHtmlCacheBehavior [ RunTime:0.000738s ]
INFO: [ app_begin ] --END-- [ RunTime:0.000812s ]
ERR: 非法操作:QiHao

[ 2016-11-28T10:41:18+08:00 ] 10.10.20.102 /Restaurant/Application/Upload/1280x720/background/BG.png
INFO: [ app_init ] --START--
INFO: Run Behavior\BuildLiteBehavior [ RunTime:0.000009s ]
INFO: [ app_init ] --END-- [ RunTime:0.000388s ]

[ 2016-11-28T10:44:32+08:00 ] 10.10.20.102 /Restaurant/food_list?content_code=CT032016081600133&usercode=1010000101161121020348500&user_session=10100001-d87b86ef-0de5-480b-9150-37eef8c01ba2&websitecode=&backUrl=http%3A%2F%2F10.10.20.11%3A15010%2Flist%2Frestaurant%3Fusercode%3D1010000101161121020348500%26user_session%3D10100001-d87b86ef-0de5-480b-9150-37eef8c01ba2%26websitecode%3D%26contentcode%3D%26pageIndex%3D0%26focusid%3Dtd0%26backUrl%3Dhttp%253A%252F%252F10.10.20.11%253A15010%252Findex%252Fshowpage%253Fusercode%253D1010000101161121020348500%2526user_session%253D10100001-d87b86ef-0de5-480b-9150-37eef8c01ba2%2526websitecode%253D%2526navcode%253DCM20160815002%2526focusid%253Dtd5%2526backUrl%253Dhttp%25253A%25252F%25252F10.10.20.11%25253A15008%25252F%25253Fexit%25253D1&_v=26339
INFO: [ app_init ] --START--
INFO: Run Behavior\BuildLiteBehavior [ RunTime:0.000011s ]
INFO: [ app_init ] --END-- [ RunTime:0.000480s ]
INFO: [ app_begin ] --START--
INFO: Run Behavior\ReadHtmlCacheBehavior [ RunTime:0.000535s ]
INFO: [ app_begin ] --END-- [ RunTime:0.000568s ]
INFO: BaseController->formatResolution :: user_session - 【10100001-d87b86ef-0de5-480b-9150-37eef8c01ba2】 $areacode - 【10100001】
INFO: function->initConfig :: $areacode - 【10100001】
INFO: ConfigCacheService->init :: $areacode - 【10100001】
NOTIC: [8] Undefined offset: 0 D:\tpcloud\tvportal\ThinkPHP\Library\Think\Db\Driver.class.php 第 113 行.
NOTIC: [8] Undefined offset: 0 D:\tpcloud\tvportal\ThinkPHP\Library\Think\Db\Driver.class.php 第 113 行.
NOTIC: [8] Undefined offset: 0 D:\tpcloud\tvportal\ThinkPHP\Library\Think\Db\Driver.class.php 第 113 行.
INFO: [ view_parse ] --START--
INFO: [ template_filter ] --START--
INFO: Run Behavior\ContentReplaceBehavior [ RunTime:0.000123s ]
INFO: [ template_filter ] --END-- [ RunTime:0.000194s ]
INFO: Run Behavior\ParseTemplateBehavior [ RunTime:0.357300s ]
INFO: [ view_parse ] --END-- [ RunTime:0.357357s ]
INFO: [ view_filter ] --START--
INFO: Run Behavior\WriteHtmlCacheBehavior [ RunTime:0.000952s ]
INFO: [ view_filter ] --END-- [ RunTime:0.001007s ]
INFO: [ app_end ] --START--
INFO: Run Behavior\ShowPageTraceBehavior [ RunTime:0.001215s ]
INFO: [ app_end ] --END-- [ RunTime:0.001267s ]

[ 2016-11-28T10:44:32+08:00 ] 10.10.20.102 /Restaurant/QiHao/getuser?usercode=1010000101161121020348500&user_session=10100001-d87b86ef-0de5-480b-9150-37eef8c01ba2&_v=55495
INFO: [ app_init ] --START--
INFO: Run Behavior\BuildLiteBehavior [ RunTime:0.000028s ]
INFO: [ app_init ] --END-- [ RunTime:0.000825s ]
INFO: [ app_begin ] --START--
INFO: Run Behavior\ReadHtmlCacheBehavior [ RunTime:0.000791s ]
INFO: [ app_begin ] --END-- [ RunTime:0.000867s ]
ERR: 非法操作:QiHao

[ 2016-11-28T10:44:32+08:00 ] 10.10.20.102 /Restaurant/Application/Upload/1280x720/background/BG.png
INFO: [ app_init ] --START--
INFO: Run Behavior\BuildLiteBehavior [ RunTime:0.000011s ]
INFO: [ app_init ] --END-- [ RunTime:0.000501s ]

[ 2016-11-28T10:51:27+08:00 ] 10.10.20.102 /Restaurant/food_list?content_code=CT032016081600133&usercode=1010000101161121020348500&user_session=10100001-d87b86ef-0de5-480b-9150-37eef8c01ba2&websitecode=&backUrl=http%3A%2F%2F10.10.20.11%3A15010%2Flist%2Frestaurant%3Fusercode%3D1010000101161121020348500%26user_session%3D10100001-d87b86ef-0de5-480b-9150-37eef8c01ba2%26websitecode%3D%26contentcode%3D%26pageIndex%3D0%26focusid%3Dtd0%26backUrl%3Dhttp%253A%252F%252F10.10.20.11%253A15010%252Findex%252Fshowpage%253Fusercode%253D1010000101161121020348500%2526user_session%253D10100001-d87b86ef-0de5-480b-9150-37eef8c01ba2%2526websitecode%253D%2526navcode%253DCM20160815002%2526focusid%253Dtd5%2526backUrl%253Dhttp%25253A%25252F%25252F10.10.20.11%25253A15008%25252F%25253Fexit%25253D1&_v=26339
INFO: [ app_init ] --START--
INFO: Run Behavior\BuildLiteBehavior [ RunTime:0.000010s ]
INFO: [ app_init ] --END-- [ RunTime:0.000398s ]
INFO: [ app_begin ] --START--
INFO: Run Behavior\ReadHtmlCacheBehavior [ RunTime:0.000548s ]
INFO: [ app_begin ] --END-- [ RunTime:0.000584s ]
INFO: BaseController->formatResolution :: user_session - 【10100001-d87b86ef-0de5-480b-9150-37eef8c01ba2】 $areacode - 【10100001】
INFO: function->initConfig :: $areacode - 【10100001】
INFO: ConfigCacheService->init :: $areacode - 【10100001】
NOTIC: [8] Undefined offset: 0 D:\tpcloud\tvportal\ThinkPHP\Library\Think\Db\Driver.class.php 第 113 行.
NOTIC: [8] Undefined offset: 0 D:\tpcloud\tvportal\ThinkPHP\Library\Think\Db\Driver.class.php 第 113 行.
NOTIC: [8] Undefined offset: 0 D:\tpcloud\tvportal\ThinkPHP\Library\Think\Db\Driver.class.php 第 113 行.
INFO: [ view_parse ] --START--
INFO: [ template_filter ] --START--
INFO: Run Behavior\ContentReplaceBehavior [ RunTime:0.000061s ]
INFO: [ template_filter ] --END-- [ RunTime:0.000098s ]
INFO: Run Behavior\ParseTemplateBehavior [ RunTime:0.006148s ]
INFO: [ view_parse ] --END-- [ RunTime:0.006181s ]
INFO: [ view_filter ] --START--
INFO: Run Behavior\WriteHtmlCacheBehavior [ RunTime:0.000372s ]
INFO: [ view_filter ] --END-- [ RunTime:0.000394s ]
INFO: [ app_end ] --START--
INFO: Run Behavior\ShowPageTraceBehavior [ RunTime:0.000560s ]
INFO: [ app_end ] --END-- [ RunTime:0.000585s ]

[ 2016-11-28T10:51:27+08:00 ] 10.10.20.102 /Restaurant/QiHao/getuser?usercode=1010000101161121020348500&user_session=10100001-d87b86ef-0de5-480b-9150-37eef8c01ba2&_v=21296
INFO: [ app_init ] --START--
INFO: Run Behavior\BuildLiteBehavior [ RunTime:0.000017s ]
INFO: [ app_init ] --END-- [ RunTime:0.000649s ]
INFO: [ app_begin ] --START--
INFO: Run Behavior\ReadHtmlCacheBehavior [ RunTime:0.000824s ]
INFO: [ app_begin ] --END-- [ RunTime:0.000895s ]
ERR: 非法操作:QiHao

[ 2016-11-28T10:51:27+08:00 ] 10.10.20.102 /Restaurant/Application/Upload/1280x720/background/BG.png
INFO: [ app_init ] --START--
INFO: Run Behavior\BuildLiteBehavior [ RunTime:0.000015s ]
INFO: [ app_init ] --END-- [ RunTime:0.000617s ]

[ 2016-11-28T10:51:28+08:00 ] 10.10.20.102 /Restaurant/food_list?content_code=CT032016081600133&usercode=1010000101161121020348500&user_session=10100001-d87b86ef-0de5-480b-9150-37eef8c01ba2&websitecode=&backUrl=http%3A%2F%2F10.10.20.11%3A15010%2Flist%2Frestaurant%3Fusercode%3D1010000101161121020348500%26user_session%3D10100001-d87b86ef-0de5-480b-9150-37eef8c01ba2%26websitecode%3D%26contentcode%3D%26pageIndex%3D0%26focusid%3Dtd0%26backUrl%3Dhttp%253A%252F%252F10.10.20.11%253A15010%252Findex%252Fshowpage%253Fusercode%253D1010000101161121020348500%2526user_session%253D10100001-d87b86ef-0de5-480b-9150-37eef8c01ba2%2526websitecode%253D%2526navcode%253DCM20160815002%2526focusid%253Dtd5%2526backUrl%253Dhttp%25253A%25252F%25252F10.10.20.11%25253A15008%25252F%25253Fexit%25253D1&_v=26339
INFO: [ app_init ] --START--
INFO: Run Behavior\BuildLiteBehavior [ RunTime:0.000015s ]
INFO: [ app_init ] --END-- [ RunTime:0.000522s ]
INFO: [ app_begin ] --START--
INFO: Run Behavior\ReadHtmlCacheBehavior [ RunTime:0.000566s ]
INFO: [ app_begin ] --END-- [ RunTime:0.000614s ]
INFO: BaseController->formatResolution :: user_session - 【10100001-d87b86ef-0de5-480b-9150-37eef8c01ba2】 $areacode - 【10100001】
INFO: function->initConfig :: $areacode - 【10100001】
INFO: ConfigCacheService->init :: $areacode - 【10100001】
NOTIC: [8] Undefined offset: 0 D:\tpcloud\tvportal\ThinkPHP\Library\Think\Db\Driver.class.php 第 113 行.
NOTIC: [8] Undefined offset: 0 D:\tpcloud\tvportal\ThinkPHP\Library\Think\Db\Driver.class.php 第 113 行.
NOTIC: [8] Undefined offset: 0 D:\tpcloud\tvportal\ThinkPHP\Library\Think\Db\Driver.class.php 第 113 行.
INFO: [ view_parse ] --START--
INFO: [ template_filter ] --START--
INFO: Run Behavior\ContentReplaceBehavior [ RunTime:0.000062s ]
INFO: [ template_filter ] --END-- [ RunTime:0.000101s ]
INFO: Run Behavior\ParseTemplateBehavior [ RunTime:0.021988s ]
INFO: [ view_parse ] --END-- [ RunTime:0.022027s ]
INFO: [ view_filter ] --START--
INFO: Run Behavior\WriteHtmlCacheBehavior [ RunTime:0.000367s ]
INFO: [ view_filter ] --END-- [ RunTime:0.000395s ]
INFO: [ app_end ] --START--
INFO: Run Behavior\ShowPageTraceBehavior [ RunTime:0.000653s ]
INFO: [ app_end ] --END-- [ RunTime:0.000689s ]

[ 2016-11-28T10:51:28+08:00 ] 10.10.20.102 /Restaurant/QiHao/getuser?usercode=1010000101161121020348500&user_session=10100001-d87b86ef-0de5-480b-9150-37eef8c01ba2&_v=55395
INFO: [ app_init ] --START--
INFO: Run Behavior\BuildLiteBehavior [ RunTime:0.000016s ]
INFO: [ app_init ] --END-- [ RunTime:0.000459s ]
INFO: [ app_begin ] --START--
INFO: Run Behavior\ReadHtmlCacheBehavior [ RunTime:0.000796s ]
INFO: [ app_begin ] --END-- [ RunTime:0.000866s ]
ERR: 非法操作:QiHao

[ 2016-11-28T10:51:28+08:00 ] 10.10.20.102 /Restaurant/Application/Upload/1280x720/background/BG.png
INFO: [ app_init ] --START--
INFO: Run Behavior\BuildLiteBehavior [ RunTime:0.000018s ]
INFO: [ app_init ] --END-- [ RunTime:0.000693s ]

[ 2016-11-28T10:51:30+08:00 ] 10.10.20.102 /Restaurant/food_list?content_code=CT032016081600133&usercode=1010000101161121020348500&user_session=10100001-d87b86ef-0de5-480b-9150-37eef8c01ba2&websitecode=&backUrl=http%3A%2F%2F10.10.20.11%3A15010%2Flist%2Frestaurant%3Fusercode%3D1010000101161121020348500%26user_session%3D10100001-d87b86ef-0de5-480b-9150-37eef8c01ba2%26websitecode%3D%26contentcode%3D%26pageIndex%3D0%26focusid%3Dtd0%26backUrl%3Dhttp%253A%252F%252F10.10.20.11%253A15010%252Findex%252Fshowpage%253Fusercode%253D1010000101161121020348500%2526user_session%253D10100001-d87b86ef-0de5-480b-9150-37eef8c01ba2%2526websitecode%253D%2526navcode%253DCM20160815002%2526focusid%253Dtd5%2526backUrl%253Dhttp%25253A%25252F%25252F10.10.20.11%25253A15008%25252F%25253Fexit%25253D1&_v=26339
INFO: [ app_init ] --START--
INFO: Run Behavior\BuildLiteBehavior [ RunTime:0.000015s ]
INFO: [ app_init ] --END-- [ RunTime:0.000657s ]
INFO: [ app_begin ] --START--
INFO: Run Behavior\ReadHtmlCacheBehavior [ RunTime:0.000645s ]
INFO: [ app_begin ] --END-- [ RunTime:0.000701s ]
INFO: BaseController->formatResolution :: user_session - 【10100001-d87b86ef-0de5-480b-9150-37eef8c01ba2】 $areacode - 【10100001】
INFO: function->initConfig :: $areacode - 【10100001】
INFO: ConfigCacheService->init :: $areacode - 【10100001】
NOTIC: [8] Undefined offset: 0 D:\tpcloud\tvportal\ThinkPHP\Library\Think\Db\Driver.class.php 第 113 行.
NOTIC: [8] Undefined offset: 0 D:\tpcloud\tvportal\ThinkPHP\Library\Think\Db\Driver.class.php 第 113 行.
NOTIC: [8] Undefined offset: 0 D:\tpcloud\tvportal\ThinkPHP\Library\Think\Db\Driver.class.php 第 113 行.
INFO: [ view_parse ] --START--
INFO: [ template_filter ] --START--
INFO: Run Behavior\ContentReplaceBehavior [ RunTime:0.000063s ]
INFO: [ template_filter ] --END-- [ RunTime:0.000103s ]
INFO: Run Behavior\ParseTemplateBehavior [ RunTime:0.004732s ]
INFO: [ view_parse ] --END-- [ RunTime:0.004764s ]
INFO: [ view_filter ] --START--
INFO: Run Behavior\WriteHtmlCacheBehavior [ RunTime:0.000266s ]
INFO: [ view_filter ] --END-- [ RunTime:0.000288s ]
INFO: [ app_end ] --START--
INFO: Run Behavior\ShowPageTraceBehavior [ RunTime:0.000527s ]
INFO: [ app_end ] --END-- [ RunTime:0.000551s ]

[ 2016-11-28T10:51:30+08:00 ] 10.10.20.102 /Restaurant/QiHao/getuser?usercode=1010000101161121020348500&user_session=10100001-d87b86ef-0de5-480b-9150-37eef8c01ba2&_v=48519
INFO: [ app_init ] --START--
INFO: Run Behavior\BuildLiteBehavior [ RunTime:0.000016s ]
INFO: [ app_init ] --END-- [ RunTime:0.000532s ]
INFO: [ app_begin ] --START--
INFO: Run Behavior\ReadHtmlCacheBehavior [ RunTime:0.000762s ]
INFO: [ app_begin ] --END-- [ RunTime:0.000846s ]
ERR: 非法操作:QiHao

[ 2016-11-28T10:51:30+08:00 ] 10.10.20.102 /Restaurant/Application/Upload/1280x720/background/BG.png
INFO: [ app_init ] --START--
INFO: Run Behavior\BuildLiteBehavior [ RunTime:0.000015s ]
INFO: [ app_init ] --END-- [ RunTime:0.000560s ]

[ 2016-11-28T10:53:56+08:00 ] ::1 /Restaurant/food_list?content_code=CT032016081600133&usercode=1010000101161121020348500&user_session=10100001-d87b86ef-0de5-480b-9150-37eef8c01ba2&websitecode=&backUrl=http%3A%2F%2F10.10.20.11%3A15010%2Flist%2Frestaurant%3Fusercode%3D1010000101161121020348500%26user_session%3D10100001-d87b86ef-0de5-480b-9150-37eef8c01ba2%26websitecode%3D%26contentcode%3D%26pageIndex%3D0%26focusid%3Dtd0%26backUrl%3Dhttp%253A%252F%252F10.10.20.11%253A15010%252Findex%252Fshowpage%253Fusercode%253D1010000101161121020348500%2526user_session%253D10100001-d87b86ef-0de5-480b-9150-37eef8c01ba2%2526websitecode%253D%2526navcode%253DCM20160815002%2526focusid%253Dtd5%2526backUrl%253Dhttp%25253A%25252F%25252F10.10.20.11%25253A15008%25252F%25253Fexit%25253D1&_v=26339
INFO: [ app_init ] --START--
INFO: Run Behavior\BuildLiteBehavior [ RunTime:0.000018s ]
INFO: [ app_init ] --END-- [ RunTime:0.000760s ]
INFO: [ app_begin ] --START--
INFO: Run Behavior\ReadHtmlCacheBehavior [ RunTime:0.000961s ]
INFO: [ app_begin ] --END-- [ RunTime:0.001019s ]
INFO: BaseController->formatResolution :: user_session - 【10100001-d87b86ef-0de5-480b-9150-37eef8c01ba2】 $areacode - 【10100001】
INFO: function->initConfig :: $areacode - 【10100001】
INFO: ConfigCacheService->init :: $areacode - 【10100001】
NOTIC: [8] Undefined offset: 0 D:\tpcloud\tvportal\ThinkPHP\Library\Think\Db\Driver.class.php 第 113 行.
NOTIC: [8] Undefined offset: 0 D:\tpcloud\tvportal\ThinkPHP\Library\Think\Db\Driver.class.php 第 113 行.
NOTIC: [8] Undefined offset: 0 D:\tpcloud\tvportal\ThinkPHP\Library\Think\Db\Driver.class.php 第 113 行.
INFO: [ view_parse ] --START--
INFO: [ template_filter ] --START--
INFO: Run Behavior\ContentReplaceBehavior [ RunTime:0.000124s ]
INFO: [ template_filter ] --END-- [ RunTime:0.000193s ]
INFO: Run Behavior\ParseTemplateBehavior [ RunTime:0.014299s ]
INFO: [ view_parse ] --END-- [ RunTime:0.014367s ]
INFO: [ view_filter ] --START--
INFO: Run Behavior\WriteHtmlCacheBehavior [ RunTime:0.000912s ]
INFO: [ view_filter ] --END-- [ RunTime:0.000967s ]
INFO: [ app_end ] --START--
INFO: Run Behavior\ShowPageTraceBehavior [ RunTime:0.001215s ]
INFO: [ app_end ] --END-- [ RunTime:0.001271s ]

[ 2016-11-28T10:53:56+08:00 ] ::1 /app/Home/Public/css/img/BG.png
INFO: [ app_init ] --START--
INFO: Run Behavior\BuildLiteBehavior [ RunTime:0.000013s ]
INFO: [ app_init ] --END-- [ RunTime:0.000522s ]

[ 2016-11-28T10:53:56+08:00 ] ::1 /Restaurant/QiHao/getuser?usercode=1010000101161121020348500&user_session=10100001-d87b86ef-0de5-480b-9150-37eef8c01ba2&_v=23326
INFO: [ app_init ] --START--
INFO: Run Behavior\BuildLiteBehavior [ RunTime:0.000014s ]
INFO: [ app_init ] --END-- [ RunTime:0.000535s ]
INFO: [ app_begin ] --START--
INFO: Run Behavior\ReadHtmlCacheBehavior [ RunTime:0.000683s ]
INFO: [ app_begin ] --END-- [ RunTime:0.000734s ]
ERR: 非法操作:QiHao

[ 2016-11-28T10:53:56+08:00 ] ::1 /app/Home/Public/css/img/2_03.png
INFO: [ app_init ] --START--
INFO: Run Behavior\BuildLiteBehavior [ RunTime:0.000013s ]
INFO: [ app_init ] --END-- [ RunTime:0.000484s ]

[ 2016-11-28T10:53:57+08:00 ] ::1 /app/Home/Public/css/img/1_03.png
INFO: [ app_init ] --START--
INFO: Run Behavior\BuildLiteBehavior [ RunTime:0.000017s ]
INFO: [ app_init ] --END-- [ RunTime:0.001052s ]

[ 2016-11-28T10:53:57+08:00 ] ::1 /Restaurant/Application/Upload/1280x720/background/BG.png
INFO: [ app_init ] --START--
INFO: Run Behavior\BuildLiteBehavior [ RunTime:0.000020s ]
INFO: [ app_init ] --END-- [ RunTime:0.000823s ]

[ 2016-11-28T10:53:57+08:00 ] ::1 /favicon.ico
INFO: [ app_init ] --START--
INFO: Run Behavior\BuildLiteBehavior [ RunTime:0.000010s ]
INFO: [ app_init ] --END-- [ RunTime:0.000318s ]

[ 2016-11-28T10:56:59+08:00 ] ::1 /Restaurant/food_list?content_code=CT032016081600133&usercode=1010000101161121020348500&user_session=10100001-d87b86ef-0de5-480b-9150-37eef8c01ba2&websitecode=&backUrl=http%3A%2F%2F10.10.20.11%3A15010%2Flist%2Frestaurant%3Fusercode%3D1010000101161121020348500%26user_session%3D10100001-d87b86ef-0de5-480b-9150-37eef8c01ba2%26websitecode%3D%26contentcode%3D%26pageIndex%3D0%26focusid%3Dtd0%26backUrl%3Dhttp%253A%252F%252F10.10.20.11%253A15010%252Findex%252Fshowpage%253Fusercode%253D1010000101161121020348500%2526user_session%253D10100001-d87b86ef-0de5-480b-9150-37eef8c01ba2%2526websitecode%253D%2526navcode%253DCM20160815002%2526focusid%253Dtd5%2526backUrl%253Dhttp%25253A%25252F%25252F10.10.20.11%25253A15008%25252F%25253Fexit%25253D1&_v=26339
INFO: [ app_init ] --START--
INFO: Run Behavior\BuildLiteBehavior [ RunTime:0.000018s ]
INFO: [ app_init ] --END-- [ RunTime:0.000673s ]
INFO: [ app_begin ] --START--
INFO: Run Behavior\ReadHtmlCacheBehavior [ RunTime:0.000787s ]
INFO: [ app_begin ] --END-- [ RunTime:0.000843s ]
INFO: BaseController->formatResolution :: user_session - 【10100001-d87b86ef-0de5-480b-9150-37eef8c01ba2】 $areacode - 【10100001】
INFO: function->initConfig :: $areacode - 【10100001】
INFO: ConfigCacheService->init :: $areacode - 【10100001】
NOTIC: [8] Undefined offset: 0 D:\tpcloud\tvportal\ThinkPHP\Library\Think\Db\Driver.class.php 第 113 行.
NOTIC: [8] Undefined offset: 0 D:\tpcloud\tvportal\ThinkPHP\Library\Think\Db\Driver.class.php 第 113 行.
NOTIC: [8] Undefined offset: 0 D:\tpcloud\tvportal\ThinkPHP\Library\Think\Db\Driver.class.php 第 113 行.
INFO: [ view_parse ] --START--
INFO: [ template_filter ] --START--
INFO: Run Behavior\ContentReplaceBehavior [ RunTime:0.000098s ]
INFO: [ template_filter ] --END-- [ RunTime:0.000169s ]
INFO: Run Behavior\ParseTemplateBehavior [ RunTime:0.007579s ]
INFO: [ view_parse ] --END-- [ RunTime:0.007631s ]
INFO: [ view_filter ] --START--
INFO: Run Behavior\WriteHtmlCacheBehavior [ RunTime:0.000425s ]
INFO: [ view_filter ] --END-- [ RunTime:0.000456s ]
INFO: [ app_end ] --START--
INFO: Run Behavior\ShowPageTraceBehavior [ RunTime:0.000673s ]
INFO: [ app_end ] --END-- [ RunTime:0.000708s ]

[ 2016-11-28T10:57:00+08:00 ] ::1 /Restaurant/QiHao/getuser?usercode=1010000101161121020348500&user_session=10100001-d87b86ef-0de5-480b-9150-37eef8c01ba2&_v=16966
INFO: [ app_init ] --START--
INFO: Run Behavior\BuildLiteBehavior [ RunTime:0.000014s ]
INFO: [ app_init ] --END-- [ RunTime:0.000525s ]
INFO: [ app_begin ] --START--
INFO: Run Behavior\ReadHtmlCacheBehavior [ RunTime:0.000671s ]
INFO: [ app_begin ] --END-- [ RunTime:0.000739s ]
ERR: 非法操作:QiHao

[ 2016-11-28T11:00:35+08:00 ] ::1 /Restaurant/food_list?content_code=CT032016081600133&usercode=1010000101161121020348500&user_session=10100001-d87b86ef-0de5-480b-9150-37eef8c01ba2&websitecode=&backUrl=http%3A%2F%2F10.10.20.11%3A15010%2Flist%2Frestaurant%3Fusercode%3D1010000101161121020348500%26user_session%3D10100001-d87b86ef-0de5-480b-9150-37eef8c01ba2%26websitecode%3D%26contentcode%3D%26pageIndex%3D0%26focusid%3Dtd0%26backUrl%3Dhttp%253A%252F%252F10.10.20.11%253A15010%252Findex%252Fshowpage%253Fusercode%253D1010000101161121020348500%2526user_session%253D10100001-d87b86ef-0de5-480b-9150-37eef8c01ba2%2526websitecode%253D%2526navcode%253DCM20160815002%2526focusid%253Dtd5%2526backUrl%253Dhttp%25253A%25252F%25252F10.10.20.11%25253A15008%25252F%25253Fexit%25253D1&_v=26339
INFO: [ app_init ] --START--
INFO: Run Behavior\BuildLiteBehavior [ RunTime:0.000013s ]
INFO: [ app_init ] --END-- [ RunTime:0.000760s ]
INFO: [ app_begin ] --START--
INFO: Run Behavior\ReadHtmlCacheBehavior [ RunTime:0.001009s ]
INFO: [ app_begin ] --END-- [ RunTime:0.001077s ]
INFO: BaseController->formatResolution :: user_session - 【10100001-d87b86ef-0de5-480b-9150-37eef8c01ba2】 $areacode - 【10100001】
INFO: function->initConfig :: $areacode - 【10100001】
INFO: ConfigCacheService->init :: $areacode - 【10100001】
NOTIC: [8] Undefined offset: 0 D:\tpcloud\tvportal\ThinkPHP\Library\Think\Db\Driver.class.php 第 113 行.
NOTIC: [8] Undefined offset: 0 D:\tpcloud\tvportal\ThinkPHP\Library\Think\Db\Driver.class.php 第 113 行.
NOTIC: [8] Undefined offset: 0 D:\tpcloud\tvportal\ThinkPHP\Library\Think\Db\Driver.class.php 第 113 行.
INFO: [ view_parse ] --START--
INFO: [ template_filter ] --START--
INFO: Run Behavior\ContentReplaceBehavior [ RunTime:0.000078s ]
INFO: [ template_filter ] --END-- [ RunTime:0.000124s ]
INFO: Run Behavior\ParseTemplateBehavior [ RunTime:0.006773s ]
INFO: [ view_parse ] --END-- [ RunTime:0.006822s ]
INFO: [ view_filter ] --START--
INFO: Run Behavior\WriteHtmlCacheBehavior [ RunTime:0.000486s ]
INFO: [ view_filter ] --END-- [ RunTime:0.000521s ]
INFO: [ app_end ] --START--
INFO: Run Behavior\ShowPageTraceBehavior [ RunTime:0.000728s ]
INFO: [ app_end ] --END-- [ RunTime:0.000763s ]

[ 2016-11-28T11:00:36+08:00 ] ::1 /Restaurant/QiHao/getuser?usercode=1010000101161121020348500&user_session=10100001-d87b86ef-0de5-480b-9150-37eef8c01ba2&_v=26986
INFO: [ app_init ] --START--
INFO: Run Behavior\BuildLiteBehavior [ RunTime:0.000024s ]
INFO: [ app_init ] --END-- [ RunTime:0.000660s ]
INFO: [ app_begin ] --START--
INFO: Run Behavior\ReadHtmlCacheBehavior [ RunTime:0.000807s ]
INFO: [ app_begin ] --END-- [ RunTime:0.000876s ]
ERR: 非法操作:QiHao

[ 2016-11-28T11:03:29+08:00 ] ::1 /Restaurant/food_list?content_code=CT032016081600133&usercode=1010000101161121020348500&user_session=10100001-d87b86ef-0de5-480b-9150-37eef8c01ba2&websitecode=&backUrl=http%3A%2F%2F10.10.20.11%3A15010%2Flist%2Frestaurant%3Fusercode%3D1010000101161121020348500%26user_session%3D10100001-d87b86ef-0de5-480b-9150-37eef8c01ba2%26websitecode%3D%26contentcode%3D%26pageIndex%3D0%26focusid%3Dtd0%26backUrl%3Dhttp%253A%252F%252F10.10.20.11%253A15010%252Findex%252Fshowpage%253Fusercode%253D1010000101161121020348500%2526user_session%253D10100001-d87b86ef-0de5-480b-9150-37eef8c01ba2%2526websitecode%253D%2526navcode%253DCM20160815002%2526focusid%253Dtd5%2526backUrl%253Dhttp%25253A%25252F%25252F10.10.20.11%25253A15008%25252F%25253Fexit%25253D1&_v=26339
INFO: [ app_init ] --START--
INFO: Run Behavior\BuildLiteBehavior [ RunTime:0.000017s ]
INFO: [ app_init ] --END-- [ RunTime:0.000758s ]
INFO: [ app_begin ] --START--
INFO: Run Behavior\ReadHtmlCacheBehavior [ RunTime:0.000975s ]
INFO: [ app_begin ] --END-- [ RunTime:0.001039s ]
INFO: BaseController->formatResolution :: user_session - 【10100001-d87b86ef-0de5-480b-9150-37eef8c01ba2】 $areacode - 【10100001】
INFO: function->initConfig :: $areacode - 【10100001】
INFO: ConfigCacheService->init :: $areacode - 【10100001】
NOTIC: [8] Undefined offset: 0 D:\tpcloud\tvportal\ThinkPHP\Library\Think\Db\Driver.class.php 第 113 行.
NOTIC: [8] Undefined offset: 0 D:\tpcloud\tvportal\ThinkPHP\Library\Think\Db\Driver.class.php 第 113 行.
NOTIC: [8] Undefined offset: 0 D:\tpcloud\tvportal\ThinkPHP\Library\Think\Db\Driver.class.php 第 113 行.
INFO: [ view_parse ] --START--
INFO: [ template_filter ] --START--
INFO: Run Behavior\ContentReplaceBehavior [ RunTime:0.000139s ]
INFO: [ template_filter ] --END-- [ RunTime:0.000209s ]
INFO: Run Behavior\ParseTemplateBehavior [ RunTime:0.010079s ]
INFO: [ view_parse ] --END-- [ RunTime:0.010161s ]
INFO: [ view_filter ] --START--
INFO: Run Behavior\WriteHtmlCacheBehavior [ RunTime:0.000898s ]
INFO: [ view_filter ] --END-- [ RunTime:0.000951s ]
INFO: [ app_end ] --START--
INFO: Run Behavior\ShowPageTraceBehavior [ RunTime:0.001183s ]
INFO: [ app_end ] --END-- [ RunTime:0.001237s ]

[ 2016-11-28T11:03:29+08:00 ] ::1 /Restaurant/QiHao/getuser?usercode=1010000101161121020348500&user_session=10100001-d87b86ef-0de5-480b-9150-37eef8c01ba2&_v=22567
INFO: [ app_init ] --START--
INFO: Run Behavior\BuildLiteBehavior [ RunTime:0.000018s ]
INFO: [ app_init ] --END-- [ RunTime:0.000690s ]
INFO: [ app_begin ] --START--
INFO: Run Behavior\ReadHtmlCacheBehavior [ RunTime:0.000852s ]
INFO: [ app_begin ] --END-- [ RunTime:0.000926s ]
ERR: 非法操作:QiHao

[ 2016-11-28T11:03:29+08:00 ] ::1 /Restaurant/Application/Upload/1280x720/background/BG.png
INFO: [ app_init ] --START--
INFO: Run Behavior\BuildLiteBehavior [ RunTime:0.000017s ]
INFO: [ app_init ] --END-- [ RunTime:0.000638s ]

[ 2016-11-28T11:03:31+08:00 ] ::1 /Restaurant/food_list?content_code=CT032016081600133&usercode=1010000101161121020348500&user_session=10100001-d87b86ef-0de5-480b-9150-37eef8c01ba2&websitecode=&backUrl=http%3A%2F%2F10.10.20.11%3A15010%2Flist%2Frestaurant%3Fusercode%3D1010000101161121020348500%26user_session%3D10100001-d87b86ef-0de5-480b-9150-37eef8c01ba2%26websitecode%3D%26contentcode%3D%26pageIndex%3D0%26focusid%3Dtd0%26backUrl%3Dhttp%253A%252F%252F10.10.20.11%253A15010%252Findex%252Fshowpage%253Fusercode%253D1010000101161121020348500%2526user_session%253D10100001-d87b86ef-0de5-480b-9150-37eef8c01ba2%2526websitecode%253D%2526navcode%253DCM20160815002%2526focusid%253Dtd5%2526backUrl%253Dhttp%25253A%25252F%25252F10.10.20.11%25253A15008%25252F%25253Fexit%25253D1&_v=26339
INFO: [ app_init ] --START--
INFO: Run Behavior\BuildLiteBehavior [ RunTime:0.000011s ]
INFO: [ app_init ] --END-- [ RunTime:0.000447s ]
INFO: [ app_begin ] --START--
INFO: Run Behavior\ReadHtmlCacheBehavior [ RunTime:0.000576s ]
INFO: [ app_begin ] --END-- [ RunTime:0.000611s ]
INFO: BaseController->formatResolution :: user_session - 【10100001-d87b86ef-0de5-480b-9150-37eef8c01ba2】 $areacode - 【10100001】
INFO: function->initConfig :: $areacode - 【10100001】
INFO: ConfigCacheService->init :: $areacode - 【10100001】
NOTIC: [8] Undefined offset: 0 D:\tpcloud\tvportal\ThinkPHP\Library\Think\Db\Driver.class.php 第 113 行.
NOTIC: [8] Undefined offset: 0 D:\tpcloud\tvportal\ThinkPHP\Library\Think\Db\Driver.class.php 第 113 行.
NOTIC: [8] Undefined offset: 0 D:\tpcloud\tvportal\ThinkPHP\Library\Think\Db\Driver.class.php 第 113 行.
INFO: [ view_parse ] --START--
INFO: [ template_filter ] --START--
INFO: Run Behavior\ContentReplaceBehavior [ RunTime:0.000061s ]
INFO: [ template_filter ] --END-- [ RunTime:0.000098s ]
INFO: Run Behavior\ParseTemplateBehavior [ RunTime:0.005405s ]
INFO: [ view_parse ] --END-- [ RunTime:0.005449s ]
INFO: [ view_filter ] --START--
INFO: Run Behavior\WriteHtmlCacheBehavior [ RunTime:0.000450s ]
INFO: [ view_filter ] --END-- [ RunTime:0.000481s ]
INFO: [ app_end ] --START--
INFO: Run Behavior\ShowPageTraceBehavior [ RunTime:0.000576s ]
INFO: [ app_end ] --END-- [ RunTime:0.000600s ]

[ 2016-11-28T11:03:31+08:00 ] ::1 /Restaurant/QiHao/getuser?usercode=1010000101161121020348500&user_session=10100001-d87b86ef-0de5-480b-9150-37eef8c01ba2&_v=42279
INFO: [ app_init ] --START--
INFO: Run Behavior\BuildLiteBehavior [ RunTime:0.000016s ]
INFO: [ app_init ] --END-- [ RunTime:0.000542s ]
INFO: [ app_begin ] --START--
INFO: Run Behavior\ReadHtmlCacheBehavior [ RunTime:0.000701s ]
INFO: [ app_begin ] --END-- [ RunTime:0.000771s ]
ERR: 非法操作:QiHao

[ 2016-11-28T11:03:31+08:00 ] ::1 /Restaurant/Application/Upload/1280x720/background/BG.png
INFO: [ app_init ] --START--
INFO: Run Behavior\BuildLiteBehavior [ RunTime:0.000010s ]
INFO: [ app_init ] --END-- [ RunTime:0.000390s ]

[ 2016-11-28T11:03:49+08:00 ] ::1 /Restaurant/Application/Upload/1280x720/background/BG.png
INFO: [ app_init ] --START--
INFO: Run Behavior\BuildLiteBehavior [ RunTime:0.000015s ]
INFO: [ app_init ] --END-- [ RunTime:0.000396s ]

[ 2016-11-28T11:05:59+08:00 ] 10.10.20.102 /Restaurant/food_list?content_code=CT032016081600133&usercode=1010000101161121020348500&user_session=10100001-d87b86ef-0de5-480b-9150-37eef8c01ba2&websitecode=&backUrl=http%3A%2F%2F10.10.20.11%3A15010%2Flist%2Frestaurant%3Fusercode%3D1010000101161121020348500%26user_session%3D10100001-d87b86ef-0de5-480b-9150-37eef8c01ba2%26websitecode%3D%26contentcode%3D%26pageIndex%3D0%26focusid%3Dtd0%26backUrl%3Dhttp%253A%252F%252F10.10.20.11%253A15010%252Findex%252Fshowpage%253Fusercode%253D1010000101161121020348500%2526user_session%253D10100001-d87b86ef-0de5-480b-9150-37eef8c01ba2%2526websitecode%253D%2526navcode%253DCM20160815002%2526focusid%253Dtd5%2526backUrl%253Dhttp%25253A%25252F%25252F10.10.20.11%25253A15008%25252F%25253Fexit%25253D1&_v=26339
INFO: [ app_init ] --START--
INFO: Run Behavior\BuildLiteBehavior [ RunTime:0.000010s ]
INFO: [ app_init ] --END-- [ RunTime:0.000405s ]
INFO: [ app_begin ] --START--
INFO: Run Behavior\ReadHtmlCacheBehavior [ RunTime:0.000474s ]
INFO: [ app_begin ] --END-- [ RunTime:0.000504s ]
INFO: BaseController->formatResolution :: user_session - 【10100001-d87b86ef-0de5-480b-9150-37eef8c01ba2】 $areacode - 【10100001】
INFO: function->initConfig :: $areacode - 【10100001】
INFO: ConfigCacheService->init :: $areacode - 【10100001】
NOTIC: [8] Undefined offset: 0 D:\tpcloud\tvportal\ThinkPHP\Library\Think\Db\Driver.class.php 第 113 行.
NOTIC: [8] Undefined offset: 0 D:\tpcloud\tvportal\ThinkPHP\Library\Think\Db\Driver.class.php 第 113 行.
NOTIC: [8] Undefined offset: 0 D:\tpcloud\tvportal\ThinkPHP\Library\Think\Db\Driver.class.php 第 113 行.
INFO: [ view_parse ] --START--
INFO: [ template_filter ] --START--
INFO: Run Behavior\ContentReplaceBehavior [ RunTime:0.000121s ]
INFO: [ template_filter ] --END-- [ RunTime:0.000198s ]
INFO: Run Behavior\ParseTemplateBehavior [ RunTime:1.150349s ]
INFO: [ view_parse ] --END-- [ RunTime:1.150409s ]
INFO: [ view_filter ] --START--
INFO: Run Behavior\WriteHtmlCacheBehavior [ RunTime:0.000782s ]
INFO: [ view_filter ] --END-- [ RunTime:0.000832s ]
INFO: [ app_end ] --START--
INFO: Run Behavior\ShowPageTraceBehavior [ RunTime:0.001197s ]
INFO: [ app_end ] --END-- [ RunTime:0.001255s ]

[ 2016-11-28T11:05:59+08:00 ] 10.10.20.102 /app/Home/Public/css/img/BG.png
INFO: [ app_init ] --START--
INFO: Run Behavior\BuildLiteBehavior [ RunTime:0.000011s ]
INFO: [ app_init ] --END-- [ RunTime:0.000424s ]

[ 2016-11-28T11:05:59+08:00 ] 10.10.20.102 /Restaurant/QiHao/getuser?usercode=1010000101161121020348500&user_session=10100001-d87b86ef-0de5-480b-9150-37eef8c01ba2&_v=51352
INFO: [ app_init ] --START--
INFO: Run Behavior\BuildLiteBehavior [ RunTime:0.000014s ]
INFO: [ app_init ] --END-- [ RunTime:0.000504s ]
INFO: [ app_begin ] --START--
INFO: Run Behavior\ReadHtmlCacheBehavior [ RunTime:0.000695s ]
INFO: [ app_begin ] --END-- [ RunTime:0.000747s ]
ERR: 非法操作:QiHao

[ 2016-11-28T11:05:59+08:00 ] 10.10.20.102 /app/Home/Public/css/img/2_03.png
INFO: [ app_init ] --START--
INFO: Run Behavior\BuildLiteBehavior [ RunTime:0.000010s ]
INFO: [ app_init ] --END-- [ RunTime:0.000365s ]

[ 2016-11-28T11:05:59+08:00 ] 10.10.20.102 /app/Home/Public/css/img/1_03.png
INFO: [ app_init ] --START--
INFO: Run Behavior\BuildLiteBehavior [ RunTime:0.000013s ]
INFO: [ app_init ] --END-- [ RunTime:0.000546s ]

[ 2016-11-28T11:05:59+08:00 ] 10.10.20.102 /Restaurant/Application/Upload/1280x720/background/BG.png
INFO: [ app_init ] --START--
INFO: Run Behavior\BuildLiteBehavior [ RunTime:0.000023s ]
INFO: [ app_init ] --END-- [ RunTime:0.000827s ]

[ 2016-11-28T11:06:25+08:00 ] 10.10.20.102 /Restaurant/food_list?content_code=CT032016081600133&usercode=1010000101161121020348500&user_session=10100001-d87b86ef-0de5-480b-9150-37eef8c01ba2&websitecode=&backUrl=http%3A%2F%2F10.10.20.11%3A15010%2Flist%2Frestaurant%3Fusercode%3D1010000101161121020348500%26user_session%3D10100001-d87b86ef-0de5-480b-9150-37eef8c01ba2%26websitecode%3D%26contentcode%3D%26pageIndex%3D0%26focusid%3Dtd0%26backUrl%3Dhttp%253A%252F%252F10.10.20.11%253A15010%252Findex%252Fshowpage%253Fusercode%253D1010000101161121020348500%2526user_session%253D10100001-d87b86ef-0de5-480b-9150-37eef8c01ba2%2526websitecode%253D%2526navcode%253DCM20160815002%2526focusid%253Dtd5%2526backUrl%253Dhttp%25253A%25252F%25252F10.10.20.11%25253A15008%25252F%25253Fexit%25253D1&_v=26339
INFO: [ app_init ] --START--
INFO: Run Behavior\BuildLiteBehavior [ RunTime:0.000013s ]
INFO: [ app_init ] --END-- [ RunTime:0.000490s ]
INFO: [ app_begin ] --START--
INFO: Run Behavior\ReadHtmlCacheBehavior [ RunTime:0.000823s ]
INFO: [ app_begin ] --END-- [ RunTime:0.000868s ]
INFO: BaseController->formatResolution :: user_session - 【10100001-d87b86ef-0de5-480b-9150-37eef8c01ba2】 $areacode - 【10100001】
INFO: function->initConfig :: $areacode - 【10100001】
INFO: ConfigCacheService->init :: $areacode - 【10100001】
NOTIC: [8] Undefined offset: 0 D:\tpcloud\tvportal\ThinkPHP\Library\Think\Db\Driver.class.php 第 113 行.
NOTIC: [8] Undefined offset: 0 D:\tpcloud\tvportal\ThinkPHP\Library\Think\Db\Driver.class.php 第 113 行.
NOTIC: [8] Undefined offset: 0 D:\tpcloud\tvportal\ThinkPHP\Library\Think\Db\Driver.class.php 第 113 行.
INFO: [ view_parse ] --START--
INFO: [ template_filter ] --START--
INFO: Run Behavior\ContentReplaceBehavior [ RunTime:0.000080s ]
INFO: [ template_filter ] --END-- [ RunTime:0.000137s ]
INFO: Run Behavior\ParseTemplateBehavior [ RunTime:0.007517s ]
INFO: [ view_parse ] --END-- [ RunTime:0.007581s ]
INFO: [ view_filter ] --START--
INFO: Run Behavior\WriteHtmlCacheBehavior [ RunTime:0.000580s ]
INFO: [ view_filter ] --END-- [ RunTime:0.000630s ]
INFO: [ app_end ] --START--
INFO: Run Behavior\ShowPageTraceBehavior [ RunTime:0.000964s ]
INFO: [ app_end ] --END-- [ RunTime:0.001037s ]

[ 2016-11-28T12:13:34+08:00 ] 10.10.20.102 /Restaurant/food_list?content_code=CT032016081600133&usercode=1010000101161121020348500&user_session=10100001-d87b86ef-0de5-480b-9150-37eef8c01ba2&websitecode=&backUrl=http%3A%2F%2F10.10.20.11%3A15010%2Flist%2Frestaurant%3Fusercode%3D1010000101161121020348500%26user_session%3D10100001-d87b86ef-0de5-480b-9150-37eef8c01ba2%26websitecode%3D%26contentcode%3D%26pageIndex%3D0%26focusid%3Dtd0%26backUrl%3Dhttp%253A%252F%252F10.10.20.11%253A15010%252Findex%252Fshowpage%253Fusercode%253D1010000101161121020348500%2526user_session%253D10100001-d87b86ef-0de5-480b-9150-37eef8c01ba2%2526websitecode%253D%2526navcode%253DCM20160815002%2526focusid%253Dtd5%2526backUrl%253Dhttp%25253A%25252F%25252F10.10.20.11%25253A15008%25252F%25253Fexit%25253D1&_v=26339
INFO: [ app_init ] --START--
INFO: Run Behavior\BuildLiteBehavior [ RunTime:0.000010s ]
INFO: [ app_init ] --END-- [ RunTime:0.000393s ]
INFO: [ app_begin ] --START--
INFO: Run Behavior\ReadHtmlCacheBehavior [ RunTime:0.000552s ]
INFO: [ app_begin ] --END-- [ RunTime:0.000585s ]
INFO: BaseController->formatResolution :: user_session - 【10100001-d87b86ef-0de5-480b-9150-37eef8c01ba2】 $areacode - 【10100001】
INFO: function->initConfig :: $areacode - 【10100001】
INFO: ConfigCacheService->init :: $areacode - 【10100001】
NOTIC: [8] Undefined offset: 0 D:\tpcloud\tvportal\ThinkPHP\Library\Think\Db\Driver.class.php 第 113 行.
NOTIC: [8] Undefined offset: 0 D:\tpcloud\tvportal\ThinkPHP\Library\Think\Db\Driver.class.php 第 113 行.
NOTIC: [8] Undefined offset: 0 D:\tpcloud\tvportal\ThinkPHP\Library\Think\Db\Driver.class.php 第 113 行.
INFO: [ view_parse ] --START--
INFO: [ template_filter ] --START--
INFO: Run Behavior\ContentReplaceBehavior [ RunTime:0.000063s ]
INFO: [ template_filter ] --END-- [ RunTime:0.000101s ]
INFO: Run Behavior\ParseTemplateBehavior [ RunTime:0.005438s ]
INFO: [ view_parse ] --END-- [ RunTime:0.005475s ]
INFO: [ view_filter ] --START--
INFO: Run Behavior\WriteHtmlCacheBehavior [ RunTime:0.000440s ]
INFO: [ view_filter ] --END-- [ RunTime:0.000465s ]
INFO: [ app_end ] --START--
INFO: Run Behavior\ShowPageTraceBehavior [ RunTime:0.000563s ]
INFO: [ app_end ] --END-- [ RunTime:0.000595s ]

[ 2016-11-28T12:13:34+08:00 ] 10.10.20.102 /app/Home/Public/css/img/BG.png
INFO: [ app_init ] --START--
INFO: Run Behavior\BuildLiteBehavior [ RunTime:0.000013s ]
INFO: [ app_init ] --END-- [ RunTime:0.000467s ]

[ 2016-11-28T12:13:34+08:00 ] 10.10.20.102 /Restaurant/QiHao/getuser?usercode=1010000101161121020348500&user_session=10100001-d87b86ef-0de5-480b-9150-37eef8c01ba2&_v=13068
INFO: [ app_init ] --START--
INFO: Run Behavior\BuildLiteBehavior [ RunTime:0.000013s ]
INFO: [ app_init ] --END-- [ RunTime:0.000529s ]
INFO: [ app_begin ] --START--
INFO: Run Behavior\ReadHtmlCacheBehavior [ RunTime:0.000701s ]
INFO: [ app_begin ] --END-- [ RunTime:0.000759s ]
ERR: 非法操作:QiHao

[ 2016-11-28T12:13:34+08:00 ] 10.10.20.102 /app/Home/Public/css/img/1_03.png
INFO: [ app_init ] --START--
INFO: Run Behavior\BuildLiteBehavior [ RunTime:0.000014s ]
INFO: [ app_init ] --END-- [ RunTime:0.000592s ]

[ 2016-11-28T12:13:34+08:00 ] 10.10.20.102 /app/Home/Public/css/img/2_03.png
INFO: [ app_init ] --START--
INFO: Run Behavior\BuildLiteBehavior [ RunTime:0.000011s ]
INFO: [ app_init ] --END-- [ RunTime:0.000482s ]

[ 2016-11-28T12:13:34+08:00 ] 10.10.20.102 /Restaurant/Application/Upload/1280x720/background/BG.png
INFO: [ app_init ] --START--
INFO: Run Behavior\BuildLiteBehavior [ RunTime:0.000018s ]
INFO: [ app_init ] --END-- [ RunTime:0.000448s ]

[ 2016-11-28T12:15:01+08:00 ] 10.10.20.102 /Restaurant/food_list?content_code=CT032016081600133&usercode=1010000101161121020348500&user_session=10100001-d87b86ef-0de5-480b-9150-37eef8c01ba2&websitecode=&backUrl=http%3A%2F%2F10.10.20.11%3A15010%2Flist%2Frestaurant%3Fusercode%3D1010000101161121020348500%26user_session%3D10100001-d87b86ef-0de5-480b-9150-37eef8c01ba2%26websitecode%3D%26contentcode%3D%26pageIndex%3D0%26focusid%3Dtd0%26backUrl%3Dhttp%253A%252F%252F10.10.20.11%253A15010%252Findex%252Fshowpage%253Fusercode%253D1010000101161121020348500%2526user_session%253D10100001-d87b86ef-0de5-480b-9150-37eef8c01ba2%2526websitecode%253D%2526navcode%253DCM20160815002%2526focusid%253Dtd5%2526backUrl%253Dhttp%25253A%25252F%25252F10.10.20.11%25253A15008%25252F%25253Fexit%25253D1&_v=26339
INFO: [ app_init ] --START--
INFO: Run Behavior\BuildLiteBehavior [ RunTime:0.000012s ]
INFO: [ app_init ] --END-- [ RunTime:0.000429s ]
INFO: [ app_begin ] --START--
INFO: Run Behavior\ReadHtmlCacheBehavior [ RunTime:0.000505s ]
INFO: [ app_begin ] --END-- [ RunTime:0.000562s ]
INFO: BaseController->formatResolution :: user_session - 【10100001-d87b86ef-0de5-480b-9150-37eef8c01ba2】 $areacode - 【10100001】
INFO: function->initConfig :: $areacode - 【10100001】
INFO: ConfigCacheService->init :: $areacode - 【10100001】
NOTIC: [8] Undefined offset: 0 D:\tpcloud\tvportal\ThinkPHP\Library\Think\Db\Driver.class.php 第 113 行.
NOTIC: [8] Undefined offset: 0 D:\tpcloud\tvportal\ThinkPHP\Library\Think\Db\Driver.class.php 第 113 行.
NOTIC: [8] Undefined offset: 0 D:\tpcloud\tvportal\ThinkPHP\Library\Think\Db\Driver.class.php 第 113 行.
INFO: [ view_parse ] --START--
INFO: [ template_filter ] --START--
INFO: Run Behavior\ContentReplaceBehavior [ RunTime:0.000062s ]
INFO: [ template_filter ] --END-- [ RunTime:0.000099s ]
INFO: Run Behavior\ParseTemplateBehavior [ RunTime:0.005129s ]
INFO: [ view_parse ] --END-- [ RunTime:0.005167s ]
INFO: [ view_filter ] --START--
INFO: Run Behavior\WriteHtmlCacheBehavior [ RunTime:0.000401s ]
INFO: [ view_filter ] --END-- [ RunTime:0.000424s ]
INFO: [ app_end ] --START--
INFO: Run Behavior\ShowPageTraceBehavior [ RunTime:0.000624s ]
INFO: [ app_end ] --END-- [ RunTime:0.000651s ]

[ 2016-11-28T12:15:01+08:00 ] 10.10.20.102 /Restaurant/QiHao/getuser?usercode=1010000101161121020348500&user_session=10100001-d87b86ef-0de5-480b-9150-37eef8c01ba2&_v=84866
INFO: [ app_init ] --START--
INFO: Run Behavior\BuildLiteBehavior [ RunTime:0.000020s ]
INFO: [ app_init ] --END-- [ RunTime:0.000721s ]
INFO: [ app_begin ] --START--
INFO: Run Behavior\ReadHtmlCacheBehavior [ RunTime:0.000768s ]
INFO: [ app_begin ] --END-- [ RunTime:0.000908s ]
ERR: 非法操作:QiHao

[ 2016-11-28T12:15:01+08:00 ] 10.10.20.102 /Restaurant/Application/Upload/1280x720/background/BG.png
INFO: [ app_init ] --START--
INFO: Run Behavior\BuildLiteBehavior [ RunTime:0.000008s ]
INFO: [ app_init ] --END-- [ RunTime:0.000408s ]

