[ 2016-11-22T09:14:47+08:00 ] 127.0.0.1 /index/showpage?usercode=&user_session=&websitecode=&backUrl=
INFO: [ app_init ] --START--
INFO: Run Behavior\BuildLiteBehavior [ RunTime:0.000031s ]
INFO: [ app_init ] --END-- [ RunTime:0.029874s ]
INFO: [ app_begin ] --START--
INFO: Run Behavior\ReadHtmlCacheBehavior [ RunTime:0.013700s ]
INFO: [ app_begin ] --END-- [ RunTime:0.013787s ]
INFO: BaseController->formatResolution :: user_session - 【】 $areacode - 【】
INFO: function->initConfig :: $areacode - 【】
INFO: [ view_parse ] --START--
INFO: [ template_filter ] --START--
INFO: Run Behavior\ContentReplaceBehavior [ RunTime:0.001177s ]
INFO: [ template_filter ] --END-- [ RunTime:0.001286s ]
INFO: Run Behavior\ParseTemplateBehavior [ RunTime:0.049375s ]
INFO: [ view_parse ] --END-- [ RunTime:0.049465s ]
INFO: [ view_filter ] --START--
INFO: Run Behavior\WriteHtmlCacheBehavior [ RunTime:0.039179s ]
INFO: [ view_filter ] --END-- [ RunTime:0.039253s ]
INFO: [ app_end ] --START--
INFO: Run Behavior\ShowPageTraceBehavior [ RunTime:0.007575s ]
INFO: [ app_end ] --END-- [ RunTime:0.007650s ]

[ 2016-11-22T09:14:48+08:00 ] 127.0.0.1 /index/QiHao/getuser?usercode=&user_session=&_v=96693
INFO: [ app_init ] --START--
INFO: Run Behavior\BuildLiteBehavior [ RunTime:0.000011s ]
INFO: [ app_init ] --END-- [ RunTime:0.000356s ]
INFO: [ app_begin ] --START--
INFO: Run Behavior\ReadHtmlCacheBehavior [ RunTime:0.000456s ]
INFO: [ app_begin ] --END-- [ RunTime:0.000504s ]
ERR: 非法操作:QiHao

[ 2016-11-22T09:14:48+08:00 ] 127.0.0.1 /index/pageconfig/getpagedata?areacode=&websitecode=&_v=58912
INFO: [ app_init ] --START--
INFO: Run Behavior\BuildLiteBehavior [ RunTime:0.000011s ]
INFO: [ app_init ] --END-- [ RunTime:0.000403s ]
INFO: [ app_begin ] --START--
INFO: Run Behavior\ReadHtmlCacheBehavior [ RunTime:0.000513s ]
INFO: [ app_begin ] --END-- [ RunTime:0.000550s ]
ERR: 非法操作:pageconfig

[ 2016-11-22T09:14:48+08:00 ] 127.0.0.1 /index/Application/Upload/1280x720/background/BG.png
INFO: [ app_init ] --START--
INFO: Run Behavior\BuildLiteBehavior [ RunTime:0.000013s ]
INFO: [ app_init ] --END-- [ RunTime:0.000648s ]

[ 2016-11-22T09:14:48+08:00 ] 127.0.0.1 /favicon.ico
INFO: [ app_init ] --START--
INFO: Run Behavior\BuildLiteBehavior [ RunTime:0.000013s ]
INFO: [ app_init ] --END-- [ RunTime:0.000718s ]

[ 2016-11-22T09:14:48+08:00 ] 127.0.0.1 /index/ActionLog/record?usercode=&user_session=&actiondata=%7B%27sitecode%27%3A%27%27%2C%27action%27%3A%27%E8%BF%9B%E5%85%A5%27%2C%27page%27%3A%27%E9%A6%96%E9%A1%B5_%5B%5D%27%2C%27detail%27%3A%27%27%7D&_v=74357
INFO: [ app_init ] --START--
INFO: Run Behavior\BuildLiteBehavior [ RunTime:0.000016s ]
INFO: [ app_init ] --END-- [ RunTime:0.000839s ]
INFO: [ app_begin ] --START--
INFO: Run Behavior\ReadHtmlCacheBehavior [ RunTime:0.000878s ]
INFO: [ app_begin ] --END-- [ RunTime:0.000926s ]
ERR: 非法操作:ActionLog

[ 2016-11-22T09:17:14+08:00 ] 127.0.0.1 /index/showpage?usercode=&user_session=&websitecode=&backUrl=
INFO: [ app_init ] --START--
INFO: Run Behavior\BuildLiteBehavior [ RunTime:0.000018s ]
INFO: [ app_init ] --END-- [ RunTime:0.000812s ]
INFO: [ app_begin ] --START--
INFO: Run Behavior\ReadHtmlCacheBehavior [ RunTime:0.000632s ]
INFO: [ app_begin ] --END-- [ RunTime:0.000674s ]
INFO: BaseController->formatResolution :: user_session - 【】 $areacode - 【】
INFO: function->initConfig :: $areacode - 【】
INFO: [ view_parse ] --START--
INFO: [ template_filter ] --START--
INFO: Run Behavior\ContentReplaceBehavior [ RunTime:0.000052s ]
INFO: [ template_filter ] --END-- [ RunTime:0.000095s ]
INFO: Run Behavior\ParseTemplateBehavior [ RunTime:0.006953s ]
INFO: [ view_parse ] --END-- [ RunTime:0.006999s ]
INFO: [ view_filter ] --START--
INFO: Run Behavior\WriteHtmlCacheBehavior [ RunTime:0.000433s ]
INFO: [ view_filter ] --END-- [ RunTime:0.000460s ]
INFO: [ app_end ] --START--
INFO: Run Behavior\ShowPageTraceBehavior [ RunTime:0.000633s ]
INFO: [ app_end ] --END-- [ RunTime:0.000661s ]

[ 2016-11-22T09:17:14+08:00 ] 127.0.0.1 /index/QiHao/getuser?usercode=&user_session=&_v=62241
INFO: [ app_init ] --START--
INFO: Run Behavior\BuildLiteBehavior [ RunTime:0.000015s ]
INFO: [ app_init ] --END-- [ RunTime:0.000529s ]
INFO: [ app_begin ] --START--
INFO: Run Behavior\ReadHtmlCacheBehavior [ RunTime:0.000463s ]
INFO: [ app_begin ] --END-- [ RunTime:0.000500s ]
ERR: 非法操作:QiHao

[ 2016-11-22T09:17:14+08:00 ] 127.0.0.1 /index/Application/Upload/1280x720/background/BG.png
INFO: [ app_init ] --START--
INFO: Run Behavior\BuildLiteBehavior [ RunTime:0.000016s ]
INFO: [ app_init ] --END-- [ RunTime:0.000518s ]

[ 2016-11-22T09:17:14+08:00 ] 127.0.0.1 /index/pageconfig/getpagedata?areacode=&websitecode=&_v=51310
INFO: [ app_init ] --START--
INFO: Run Behavior\BuildLiteBehavior [ RunTime:0.000016s ]
INFO: [ app_init ] --END-- [ RunTime:0.000504s ]
INFO: [ app_begin ] --START--
INFO: Run Behavior\ReadHtmlCacheBehavior [ RunTime:0.000822s ]
INFO: [ app_begin ] --END-- [ RunTime:0.000876s ]
ERR: 非法操作:pageconfig

[ 2016-11-22T09:17:14+08:00 ] 127.0.0.1 /index/ActionLog/record?usercode=&user_session=&actiondata=%7B%27sitecode%27%3A%27%27%2C%27action%27%3A%27%E8%BF%9B%E5%85%A5%27%2C%27page%27%3A%27%E9%A6%96%E9%A1%B5_%5B%5D%27%2C%27detail%27%3A%27%27%7D&_v=30510
INFO: [ app_init ] --START--
INFO: Run Behavior\BuildLiteBehavior [ RunTime:0.000016s ]
INFO: [ app_init ] --END-- [ RunTime:0.000738s ]
INFO: [ app_begin ] --START--
INFO: Run Behavior\ReadHtmlCacheBehavior [ RunTime:0.000833s ]
INFO: [ app_begin ] --END-- [ RunTime:0.000890s ]
ERR: 非法操作:ActionLog

[ 2016-11-22T09:17:16+08:00 ] 127.0.0.1 /index/showpage?usercode=&user_session=&websitecode=&backUrl=
INFO: [ app_init ] --START--
INFO: Run Behavior\BuildLiteBehavior [ RunTime:0.000010s ]
INFO: [ app_init ] --END-- [ RunTime:0.000497s ]
INFO: [ app_begin ] --START--
INFO: Run Behavior\ReadHtmlCacheBehavior [ RunTime:0.000531s ]
INFO: [ app_begin ] --END-- [ RunTime:0.000569s ]
INFO: BaseController->formatResolution :: user_session - 【】 $areacode - 【】
INFO: function->initConfig :: $areacode - 【】
INFO: [ view_parse ] --START--
INFO: [ template_filter ] --START--
INFO: Run Behavior\ContentReplaceBehavior [ RunTime:0.000056s ]
INFO: [ template_filter ] --END-- [ RunTime:0.000105s ]
INFO: Run Behavior\ParseTemplateBehavior [ RunTime:0.007603s ]
INFO: [ view_parse ] --END-- [ RunTime:0.007653s ]
INFO: [ view_filter ] --START--
INFO: Run Behavior\WriteHtmlCacheBehavior [ RunTime:0.000442s ]
INFO: [ view_filter ] --END-- [ RunTime:0.000475s ]
INFO: [ app_end ] --START--
INFO: Run Behavior\ShowPageTraceBehavior [ RunTime:0.000699s ]
INFO: [ app_end ] --END-- [ RunTime:0.000731s ]

[ 2016-11-22T09:17:16+08:00 ] 127.0.0.1 /index/QiHao/getuser?usercode=&user_session=&_v=36079
INFO: [ app_init ] --START--
INFO: Run Behavior\BuildLiteBehavior [ RunTime:0.000018s ]
INFO: [ app_init ] --END-- [ RunTime:0.000660s ]
INFO: [ app_begin ] --START--
INFO: Run Behavior\ReadHtmlCacheBehavior [ RunTime:0.000699s ]
INFO: [ app_begin ] --END-- [ RunTime:0.000759s ]
ERR: 非法操作:QiHao

[ 2016-11-22T09:17:16+08:00 ] 127.0.0.1 /index/Application/Upload/1280x720/background/BG.png
INFO: [ app_init ] --START--
INFO: Run Behavior\BuildLiteBehavior [ RunTime:0.000011s ]
INFO: [ app_init ] --END-- [ RunTime:0.000463s ]

[ 2016-11-22T09:17:16+08:00 ] 127.0.0.1 /index/pageconfig/getpagedata?areacode=&websitecode=&_v=75029
INFO: [ app_init ] --START--
INFO: Run Behavior\BuildLiteBehavior [ RunTime:0.000016s ]
INFO: [ app_init ] --END-- [ RunTime:0.000509s ]
INFO: [ app_begin ] --START--
INFO: Run Behavior\ReadHtmlCacheBehavior [ RunTime:0.000815s ]
INFO: [ app_begin ] --END-- [ RunTime:0.000887s ]
ERR: 非法操作:pageconfig

[ 2016-11-22T09:17:16+08:00 ] 127.0.0.1 /index/ActionLog/record?usercode=&user_session=&actiondata=%7B%27sitecode%27%3A%27%27%2C%27action%27%3A%27%E8%BF%9B%E5%85%A5%27%2C%27page%27%3A%27%E9%A6%96%E9%A1%B5_%5B%5D%27%2C%27detail%27%3A%27%27%7D&_v=78574
INFO: [ app_init ] --START--
INFO: Run Behavior\BuildLiteBehavior [ RunTime:0.000008s ]
INFO: [ app_init ] --END-- [ RunTime:0.000390s ]
INFO: [ app_begin ] --START--
INFO: Run Behavior\ReadHtmlCacheBehavior [ RunTime:0.000427s ]
INFO: [ app_begin ] --END-- [ RunTime:0.000459s ]
ERR: 非法操作:ActionLog

[ 2016-11-22T09:17:38+08:00 ] 127.0.0.1 /index/showpage?usercode=&user_session=&websitecode=&backUrl=
INFO: [ app_init ] --START--
INFO: Run Behavior\BuildLiteBehavior [ RunTime:0.000020s ]
INFO: [ app_init ] --END-- [ RunTime:0.000571s ]
INFO: [ app_begin ] --START--
INFO: Run Behavior\ReadHtmlCacheBehavior [ RunTime:0.000425s ]
INFO: [ app_begin ] --END-- [ RunTime:0.000464s ]
INFO: BaseController->formatResolution :: user_session - 【】 $areacode - 【】
INFO: function->initConfig :: $areacode - 【】
INFO: [ view_parse ] --START--
INFO: [ template_filter ] --START--
INFO: Run Behavior\ContentReplaceBehavior [ RunTime:0.000067s ]
INFO: [ template_filter ] --END-- [ RunTime:0.000128s ]
INFO: Run Behavior\ParseTemplateBehavior [ RunTime:0.005969s ]
INFO: [ view_parse ] --END-- [ RunTime:0.006016s ]
INFO: [ view_filter ] --START--
INFO: Run Behavior\WriteHtmlCacheBehavior [ RunTime:0.000313s ]
INFO: [ view_filter ] --END-- [ RunTime:0.000337s ]
INFO: [ app_end ] --START--
INFO: Run Behavior\ShowPageTraceBehavior [ RunTime:0.000536s ]
INFO: [ app_end ] --END-- [ RunTime:0.000569s ]

[ 2016-11-22T09:17:38+08:00 ] 127.0.0.1 /index/QiHao/getuser?usercode=&user_session=&_v=95995
INFO: [ app_init ] --START--
INFO: Run Behavior\BuildLiteBehavior [ RunTime:0.000024s ]
INFO: [ app_init ] --END-- [ RunTime:0.000608s ]
INFO: [ app_begin ] --START--
INFO: Run Behavior\ReadHtmlCacheBehavior [ RunTime:0.000579s ]
INFO: [ app_begin ] --END-- [ RunTime:0.000635s ]
ERR: 非法操作:QiHao

[ 2016-11-22T09:17:38+08:00 ] 127.0.0.1 /index/pageconfig/getpagedata?areacode=&websitecode=&_v=4530
INFO: [ app_init ] --START--
INFO: Run Behavior\BuildLiteBehavior [ RunTime:0.000018s ]
INFO: [ app_init ] --END-- [ RunTime:0.000773s ]
INFO: [ app_begin ] --START--
INFO: Run Behavior\ReadHtmlCacheBehavior [ RunTime:0.000691s ]
INFO: [ app_begin ] --END-- [ RunTime:0.000933s ]
ERR: 非法操作:pageconfig

[ 2016-11-22T09:17:38+08:00 ] 127.0.0.1 /index/Application/Upload/1280x720/background/BG.png
INFO: [ app_init ] --START--
INFO: Run Behavior\BuildLiteBehavior [ RunTime:0.000012s ]
INFO: [ app_init ] --END-- [ RunTime:0.000502s ]

[ 2016-11-22T09:17:38+08:00 ] 127.0.0.1 /index/ActionLog/record?usercode=&user_session=&actiondata=%7B%27sitecode%27%3A%27%27%2C%27action%27%3A%27%E8%BF%9B%E5%85%A5%27%2C%27page%27%3A%27%E9%A6%96%E9%A1%B5_%5B%5D%27%2C%27detail%27%3A%27%27%7D&_v=64743
INFO: [ app_init ] --START--
INFO: Run Behavior\BuildLiteBehavior [ RunTime:0.000012s ]
INFO: [ app_init ] --END-- [ RunTime:0.000396s ]
INFO: [ app_begin ] --START--
INFO: Run Behavior\ReadHtmlCacheBehavior [ RunTime:0.000456s ]
INFO: [ app_begin ] --END-- [ RunTime:0.000497s ]
ERR: 非法操作:ActionLog

[ 2016-11-22T09:17:38+08:00 ] 127.0.0.1 /index/showpage?usercode=&user_session=&websitecode=&backUrl=
INFO: [ app_init ] --START--
INFO: Run Behavior\BuildLiteBehavior [ RunTime:0.000011s ]
INFO: [ app_init ] --END-- [ RunTime:0.000356s ]
INFO: [ app_begin ] --START--
INFO: Run Behavior\ReadHtmlCacheBehavior [ RunTime:0.000499s ]
INFO: [ app_begin ] --END-- [ RunTime:0.000544s ]
INFO: BaseController->formatResolution :: user_session - 【】 $areacode - 【】
INFO: function->initConfig :: $areacode - 【】
INFO: [ view_parse ] --START--
INFO: [ template_filter ] --START--
INFO: Run Behavior\ContentReplaceBehavior [ RunTime:0.000062s ]
INFO: [ template_filter ] --END-- [ RunTime:0.000131s ]
INFO: Run Behavior\ParseTemplateBehavior [ RunTime:0.008671s ]
INFO: [ view_parse ] --END-- [ RunTime:0.008738s ]
INFO: [ view_filter ] --START--
INFO: Run Behavior\WriteHtmlCacheBehavior [ RunTime:0.000514s ]
INFO: [ view_filter ] --END-- [ RunTime:0.000562s ]
INFO: [ app_end ] --START--
INFO: Run Behavior\ShowPageTraceBehavior [ RunTime:0.000635s ]
INFO: [ app_end ] --END-- [ RunTime:0.000677s ]

[ 2016-11-22T09:17:38+08:00 ] 127.0.0.1 /index/Application/Upload/1280x720/background/BG.png
INFO: [ app_init ] --START--
INFO: Run Behavior\BuildLiteBehavior [ RunTime:0.000014s ]
INFO: [ app_init ] --END-- [ RunTime:0.000533s ]

[ 2016-11-22T09:17:38+08:00 ] 127.0.0.1 /index/pageconfig/getpagedata?areacode=&websitecode=&_v=96178
INFO: [ app_init ] --START--
INFO: Run Behavior\BuildLiteBehavior [ RunTime:0.000015s ]
INFO: [ app_init ] --END-- [ RunTime:0.000490s ]
INFO: [ app_begin ] --START--
INFO: Run Behavior\ReadHtmlCacheBehavior [ RunTime:0.000594s ]
INFO: [ app_begin ] --END-- [ RunTime:0.000650s ]
ERR: 非法操作:pageconfig

[ 2016-11-22T09:17:38+08:00 ] 127.0.0.1 /index/QiHao/getuser?usercode=&user_session=&_v=94097
INFO: [ app_init ] --START--
INFO: Run Behavior\BuildLiteBehavior [ RunTime:0.000015s ]
INFO: [ app_init ] --END-- [ RunTime:0.002517s ]
INFO: [ app_begin ] --START--
INFO: Run Behavior\ReadHtmlCacheBehavior [ RunTime:0.000947s ]
INFO: [ app_begin ] --END-- [ RunTime:0.001030s ]
ERR: 非法操作:QiHao

[ 2016-11-22T09:17:39+08:00 ] 127.0.0.1 /index/ActionLog/record?usercode=&user_session=&actiondata=%7B%27sitecode%27%3A%27%27%2C%27action%27%3A%27%E8%BF%9B%E5%85%A5%27%2C%27page%27%3A%27%E9%A6%96%E9%A1%B5_%5B%5D%27%2C%27detail%27%3A%27%27%7D&_v=23069
INFO: [ app_init ] --START--
INFO: Run Behavior\BuildLiteBehavior [ RunTime:0.000012s ]
INFO: [ app_init ] --END-- [ RunTime:0.000395s ]
INFO: [ app_begin ] --START--
INFO: Run Behavior\ReadHtmlCacheBehavior [ RunTime:0.000454s ]
INFO: [ app_begin ] --END-- [ RunTime:0.000494s ]
ERR: 非法操作:ActionLog

[ 2016-11-22T09:17:44+08:00 ] 127.0.0.1 /index/ActionLog/record?usercode=&user_session=&actiondata=%7B%27sitecode%27%3A%27%27%2C%27action%27%3A%27%E5%A4%96%E8%AE%BE%E8%BF%94%E5%9B%9E%27%2C%27page%27%3A%27%E9%A6%96%E9%A1%B5_%5B%5D%27%2C%27detail%27%3A%27%27%7D&_v=91808
INFO: [ app_init ] --START--
INFO: Run Behavior\BuildLiteBehavior [ RunTime:0.000018s ]
INFO: [ app_init ] --END-- [ RunTime:0.000805s ]
INFO: [ app_begin ] --START--
INFO: Run Behavior\ReadHtmlCacheBehavior [ RunTime:0.000928s ]
INFO: [ app_begin ] --END-- [ RunTime:0.000991s ]
ERR: 非法操作:ActionLog

[ 2016-11-22T09:17:45+08:00 ] 127.0.0.1 /index/ActionLog/record?usercode=&user_session=&actiondata=%7B%27sitecode%27%3A%27%27%2C%27action%27%3A%27%E5%A4%96%E8%AE%BE%E8%BF%94%E5%9B%9E%27%2C%27page%27%3A%27%E9%A6%96%E9%A1%B5_%5B%5D%27%2C%27detail%27%3A%27%27%7D&_v=60247
INFO: [ app_init ] --START--
INFO: Run Behavior\BuildLiteBehavior [ RunTime:0.000011s ]
INFO: [ app_init ] --END-- [ RunTime:0.000474s ]
INFO: [ app_begin ] --START--
INFO: Run Behavior\ReadHtmlCacheBehavior [ RunTime:0.000610s ]
INFO: [ app_begin ] --END-- [ RunTime:0.000657s ]
ERR: 非法操作:ActionLog

[ 2016-11-22T09:18:31+08:00 ] 127.0.0.1 /index
INFO: [ app_init ] --START--
INFO: Run Behavior\BuildLiteBehavior [ RunTime:0.000010s ]
INFO: [ app_init ] --END-- [ RunTime:0.000362s ]
INFO: [ app_begin ] --START--
INFO: Run Behavior\ReadHtmlCacheBehavior [ RunTime:0.000412s ]
INFO: [ app_begin ] --END-- [ RunTime:0.000441s ]
INFO: BaseController->formatResolution :: user_session - 【】 $areacode - 【】
INFO: function->initConfig :: $areacode - 【】
NOTIC: [8] Undefined index: header D:\tpcloud\tvportal\app\Home\Common\function.php 第 68 行.
NOTIC: [2] http_build_query(): Parameter 1 expected to be Array or Object.  Incorrect value given D:\tpcloud\tvportal\app\Home\Common\function.php 第 78 行.
NOTIC: [2] file_get_contents(/pageconfig/getactiveinfo?areacode=): failed to open stream: No error D:\tpcloud\tvportal\app\Home\Common\function.php 第 81 行.
DEBUG: redirecturl - [http://127.0.0.1/index/showpage?usercode=&user_session=&websitecode=&backUrl=]

[ 2016-11-22T09:18:54+08:00 ] 127.0.0.1 /index/showpage?usercode=&user_session=&websitecode=&backUrl=
INFO: [ app_init ] --START--
INFO: Run Behavior\BuildLiteBehavior [ RunTime:0.000010s ]
INFO: [ app_init ] --END-- [ RunTime:0.000436s ]
INFO: [ app_begin ] --START--
INFO: Run Behavior\ReadHtmlCacheBehavior [ RunTime:0.000695s ]
INFO: [ app_begin ] --END-- [ RunTime:0.000735s ]
INFO: BaseController->formatResolution :: user_session - 【】 $areacode - 【】
INFO: function->initConfig :: $areacode - 【】
INFO: [ view_parse ] --START--
INFO: [ template_filter ] --START--
INFO: Run Behavior\ContentReplaceBehavior [ RunTime:0.000047s ]
INFO: [ template_filter ] --END-- [ RunTime:0.000086s ]
INFO: Run Behavior\ParseTemplateBehavior [ RunTime:0.004785s ]
INFO: [ view_parse ] --END-- [ RunTime:0.004844s ]
INFO: [ view_filter ] --START--
INFO: Run Behavior\WriteHtmlCacheBehavior [ RunTime:0.000362s ]
INFO: [ view_filter ] --END-- [ RunTime:0.000385s ]
INFO: [ app_end ] --START--
INFO: Run Behavior\ShowPageTraceBehavior [ RunTime:0.000507s ]
INFO: [ app_end ] --END-- [ RunTime:0.000530s ]

[ 2016-11-22T09:18:54+08:00 ] 127.0.0.1 /index/QiHao/getuser?usercode=&user_session=&_v=22602
INFO: [ app_init ] --START--
INFO: Run Behavior\BuildLiteBehavior [ RunTime:0.000010s ]
INFO: [ app_init ] --END-- [ RunTime:0.000343s ]
INFO: [ app_begin ] --START--
INFO: Run Behavior\ReadHtmlCacheBehavior [ RunTime:0.000398s ]
INFO: [ app_begin ] --END-- [ RunTime:0.000430s ]
ERR: 非法操作:QiHao

[ 2016-11-22T09:18:54+08:00 ] 127.0.0.1 /index/pageconfig/getpagedata?areacode=&websitecode=&_v=80599
INFO: [ app_init ] --START--
INFO: Run Behavior\BuildLiteBehavior [ RunTime:0.000017s ]
INFO: [ app_init ] --END-- [ RunTime:0.001879s ]
INFO: [ app_begin ] --START--
INFO: Run Behavior\ReadHtmlCacheBehavior [ RunTime:0.000645s ]
INFO: [ app_begin ] --END-- [ RunTime:0.000724s ]
ERR: 非法操作:pageconfig

[ 2016-11-22T09:18:54+08:00 ] 127.0.0.1 /index/Application/Upload/1280x720/background/BG.png
INFO: [ app_init ] --START--
INFO: Run Behavior\BuildLiteBehavior [ RunTime:0.000011s ]
INFO: [ app_init ] --END-- [ RunTime:0.000374s ]

[ 2016-11-22T09:18:54+08:00 ] 127.0.0.1 /index/ActionLog/record?usercode=&user_session=&actiondata=%7B%27sitecode%27%3A%27%27%2C%27action%27%3A%27%E8%BF%9B%E5%85%A5%27%2C%27page%27%3A%27%E9%A6%96%E9%A1%B5_%5B%5D%27%2C%27detail%27%3A%27%27%7D&_v=82974
INFO: [ app_init ] --START--
INFO: Run Behavior\BuildLiteBehavior [ RunTime:0.000017s ]
INFO: [ app_init ] --END-- [ RunTime:0.000720s ]
INFO: [ app_begin ] --START--
INFO: Run Behavior\ReadHtmlCacheBehavior [ RunTime:0.000906s ]
INFO: [ app_begin ] --END-- [ RunTime:0.000973s ]
ERR: 非法操作:ActionLog

[ 2016-11-22T09:33:23+08:00 ] 127.0.0.1 /index/showpage?usercode=&user_session=&websitecode=&backUrl=
INFO: [ app_init ] --START--
INFO: Run Behavior\BuildLiteBehavior [ RunTime:0.000010s ]
INFO: [ app_init ] --END-- [ RunTime:0.000391s ]
INFO: [ app_begin ] --START--
INFO: Run Behavior\ReadHtmlCacheBehavior [ RunTime:0.000554s ]
INFO: [ app_begin ] --END-- [ RunTime:0.000592s ]
INFO: BaseController->formatResolution :: user_session - 【】 $areacode - 【】
INFO: function->initConfig :: $areacode - 【】
INFO: [ view_parse ] --START--
INFO: [ template_filter ] --START--
INFO: Run Behavior\ContentReplaceBehavior [ RunTime:0.000047s ]
INFO: [ template_filter ] --END-- [ RunTime:0.000089s ]
INFO: Run Behavior\ParseTemplateBehavior [ RunTime:0.005636s ]
INFO: [ view_parse ] --END-- [ RunTime:0.005680s ]
INFO: [ view_filter ] --START--
INFO: Run Behavior\WriteHtmlCacheBehavior [ RunTime:0.000367s ]
INFO: [ view_filter ] --END-- [ RunTime:0.000389s ]
INFO: [ app_end ] --START--
INFO: Run Behavior\ShowPageTraceBehavior [ RunTime:0.000510s ]
INFO: [ app_end ] --END-- [ RunTime:0.000533s ]

[ 2016-11-22T09:33:23+08:00 ] 127.0.0.1 /index/QiHao/getuser?usercode=&user_session=&_v=50216
INFO: [ app_init ] --START--
INFO: Run Behavior\BuildLiteBehavior [ RunTime:0.000011s ]
INFO: [ app_init ] --END-- [ RunTime:0.000483s ]
INFO: [ app_begin ] --START--
INFO: Run Behavior\ReadHtmlCacheBehavior [ RunTime:0.000423s ]
INFO: [ app_begin ] --END-- [ RunTime:0.000457s ]
ERR: 非法操作:QiHao

[ 2016-11-22T09:33:23+08:00 ] 127.0.0.1 /index/pageconfig/getpagedata?areacode=&websitecode=&_v=48649
INFO: [ app_init ] --START--
INFO: Run Behavior\BuildLiteBehavior [ RunTime:0.000016s ]
INFO: [ app_init ] --END-- [ RunTime:0.000504s ]
INFO: [ app_begin ] --START--
INFO: Run Behavior\ReadHtmlCacheBehavior [ RunTime:0.000461s ]
INFO: [ app_begin ] --END-- [ RunTime:0.000590s ]
ERR: 非法操作:pageconfig

[ 2016-11-22T09:33:23+08:00 ] 127.0.0.1 /index/Application/Upload/1280x720/background/BG.png
INFO: [ app_init ] --START--
INFO: Run Behavior\BuildLiteBehavior [ RunTime:0.000009s ]
INFO: [ app_init ] --END-- [ RunTime:0.000359s ]

[ 2016-11-22T09:33:23+08:00 ] 127.0.0.1 /index/ActionLog/record?usercode=&user_session=&actiondata=%7B%27sitecode%27%3A%27%27%2C%27action%27%3A%27%E8%BF%9B%E5%85%A5%27%2C%27page%27%3A%27%E9%A6%96%E9%A1%B5_%5B%5D%27%2C%27detail%27%3A%27%27%7D&_v=41006
INFO: [ app_init ] --START--
INFO: Run Behavior\BuildLiteBehavior [ RunTime:0.000010s ]
INFO: [ app_init ] --END-- [ RunTime:0.000457s ]
INFO: [ app_begin ] --START--
INFO: Run Behavior\ReadHtmlCacheBehavior [ RunTime:0.000699s ]
INFO: [ app_begin ] --END-- [ RunTime:0.000746s ]
ERR: 非法操作:ActionLog

[ 2016-11-22T09:37:09+08:00 ] 127.0.0.1 /index/showpage?usercode=&user_session=&websitecode=&backUrl=
INFO: [ app_init ] --START--
INFO: Run Behavior\BuildLiteBehavior [ RunTime:0.000010s ]
INFO: [ app_init ] --END-- [ RunTime:0.000399s ]
INFO: [ app_begin ] --START--
INFO: Run Behavior\ReadHtmlCacheBehavior [ RunTime:0.000508s ]
INFO: [ app_begin ] --END-- [ RunTime:0.000539s ]
INFO: BaseController->formatResolution :: user_session - 【】 $areacode - 【】
INFO: function->initConfig :: $areacode - 【】
INFO: [ view_parse ] --START--
INFO: [ template_filter ] --START--
INFO: Run Behavior\ContentReplaceBehavior [ RunTime:0.000046s ]
INFO: [ template_filter ] --END-- [ RunTime:0.000081s ]
INFO: Run Behavior\ParseTemplateBehavior [ RunTime:0.005024s ]
INFO: [ view_parse ] --END-- [ RunTime:0.005066s ]
INFO: [ view_filter ] --START--
INFO: Run Behavior\WriteHtmlCacheBehavior [ RunTime:0.000426s ]
INFO: [ view_filter ] --END-- [ RunTime:0.000462s ]
INFO: [ app_end ] --START--
INFO: Run Behavior\ShowPageTraceBehavior [ RunTime:0.000647s ]
INFO: [ app_end ] --END-- [ RunTime:0.000679s ]

[ 2016-11-22T09:37:09+08:00 ] 127.0.0.1 /index/QiHao/getuser?usercode=&user_session=&_v=1973
INFO: [ app_init ] --START--
INFO: Run Behavior\BuildLiteBehavior [ RunTime:0.000014s ]
INFO: [ app_init ] --END-- [ RunTime:0.000532s ]
INFO: [ app_begin ] --START--
INFO: Run Behavior\ReadHtmlCacheBehavior [ RunTime:0.000496s ]
INFO: [ app_begin ] --END-- [ RunTime:0.000548s ]
ERR: 非法操作:QiHao

[ 2016-11-22T09:37:09+08:00 ] 127.0.0.1 /index/Application/Upload/1280x720/background/BG.png
INFO: [ app_init ] --START--
INFO: Run Behavior\BuildLiteBehavior [ RunTime:0.000010s ]
INFO: [ app_init ] --END-- [ RunTime:0.000391s ]

[ 2016-11-22T09:37:09+08:00 ] 127.0.0.1 /index/pageconfig/getpagedata?areacode=&websitecode=&_v=30505
INFO: [ app_init ] --START--
INFO: Run Behavior\BuildLiteBehavior [ RunTime:0.000010s ]
INFO: [ app_init ] --END-- [ RunTime:0.000432s ]
INFO: [ app_begin ] --START--
INFO: Run Behavior\ReadHtmlCacheBehavior [ RunTime:0.000738s ]
INFO: [ app_begin ] --END-- [ RunTime:0.000816s ]
ERR: 非法操作:pageconfig

[ 2016-11-22T09:37:09+08:00 ] 127.0.0.1 /index/ActionLog/record?usercode=&user_session=&actiondata=%7B%27sitecode%27%3A%27%27%2C%27action%27%3A%27%E8%BF%9B%E5%85%A5%27%2C%27page%27%3A%27%E9%A6%96%E9%A1%B5_%5B%5D%27%2C%27detail%27%3A%27%27%7D&_v=39335
INFO: [ app_init ] --START--
INFO: Run Behavior\BuildLiteBehavior [ RunTime:0.000011s ]
INFO: [ app_init ] --END-- [ RunTime:0.000452s ]
INFO: [ app_begin ] --START--
INFO: Run Behavior\ReadHtmlCacheBehavior [ RunTime:0.000617s ]
INFO: [ app_begin ] --END-- [ RunTime:0.000667s ]
ERR: 非法操作:ActionLog

[ 2016-11-22T09:37:14+08:00 ] 127.0.0.1 /index/showpage?usercode=&user_session=&websitecode=&backUrl=
INFO: [ app_init ] --START--
INFO: Run Behavior\BuildLiteBehavior [ RunTime:0.000015s ]
INFO: [ app_init ] --END-- [ RunTime:0.000527s ]
INFO: [ app_begin ] --START--
INFO: Run Behavior\ReadHtmlCacheBehavior [ RunTime:0.000495s ]
INFO: [ app_begin ] --END-- [ RunTime:0.000539s ]
INFO: BaseController->formatResolution :: user_session - 【】 $areacode - 【】
INFO: function->initConfig :: $areacode - 【】
INFO: [ view_parse ] --START--
INFO: [ template_filter ] --START--
INFO: Run Behavior\ContentReplaceBehavior [ RunTime:0.000044s ]
INFO: [ template_filter ] --END-- [ RunTime:0.000080s ]
INFO: Run Behavior\ParseTemplateBehavior [ RunTime:0.004525s ]
INFO: [ view_parse ] --END-- [ RunTime:0.004563s ]
INFO: [ view_filter ] --START--
INFO: Run Behavior\WriteHtmlCacheBehavior [ RunTime:0.000339s ]
INFO: [ view_filter ] --END-- [ RunTime:0.000362s ]
INFO: [ app_end ] --START--
INFO: Run Behavior\ShowPageTraceBehavior [ RunTime:0.000507s ]
INFO: [ app_end ] --END-- [ RunTime:0.000531s ]

[ 2016-11-22T09:37:14+08:00 ] 127.0.0.1 /index/QiHao/getuser?usercode=&user_session=&_v=69110
INFO: [ app_init ] --START--
INFO: Run Behavior\BuildLiteBehavior [ RunTime:0.000014s ]
INFO: [ app_init ] --END-- [ RunTime:0.000476s ]
INFO: [ app_begin ] --START--
INFO: Run Behavior\ReadHtmlCacheBehavior [ RunTime:0.000686s ]
INFO: [ app_begin ] --END-- [ RunTime:0.000766s ]
ERR: 非法操作:QiHao

[ 2016-11-22T09:37:14+08:00 ] 127.0.0.1 /index/Application/Upload/1280x720/background/BG.png
INFO: [ app_init ] --START--
INFO: Run Behavior\BuildLiteBehavior [ RunTime:0.000010s ]
INFO: [ app_init ] --END-- [ RunTime:0.000417s ]

[ 2016-11-22T09:37:14+08:00 ] 127.0.0.1 /index/pageconfig/getpagedata?areacode=&websitecode=&_v=3729
INFO: [ app_init ] --START--
INFO: Run Behavior\BuildLiteBehavior [ RunTime:0.000011s ]
INFO: [ app_init ] --END-- [ RunTime:0.000402s ]
INFO: [ app_begin ] --START--
INFO: Run Behavior\ReadHtmlCacheBehavior [ RunTime:0.000714s ]
INFO: [ app_begin ] --END-- [ RunTime:0.000776s ]
ERR: 非法操作:pageconfig

[ 2016-11-22T09:37:15+08:00 ] 127.0.0.1 /index/ActionLog/record?usercode=&user_session=&actiondata=%7B%27sitecode%27%3A%27%27%2C%27action%27%3A%27%E8%BF%9B%E5%85%A5%27%2C%27page%27%3A%27%E9%A6%96%E9%A1%B5_%5B%5D%27%2C%27detail%27%3A%27%27%7D&_v=41836
INFO: [ app_init ] --START--
INFO: Run Behavior\BuildLiteBehavior [ RunTime:0.000030s ]
INFO: [ app_init ] --END-- [ RunTime:0.000908s ]
INFO: [ app_begin ] --START--
INFO: Run Behavior\ReadHtmlCacheBehavior [ RunTime:0.000862s ]
INFO: [ app_begin ] --END-- [ RunTime:0.000925s ]
ERR: 非法操作:ActionLog

[ 2016-11-22T09:37:16+08:00 ] 127.0.0.1 /index/showpage?usercode=&user_session=&websitecode=&backUrl=
INFO: [ app_init ] --START--
INFO: Run Behavior\BuildLiteBehavior [ RunTime:0.000019s ]
INFO: [ app_init ] --END-- [ RunTime:0.000414s ]
INFO: [ app_begin ] --START--
INFO: Run Behavior\ReadHtmlCacheBehavior [ RunTime:0.000442s ]
INFO: [ app_begin ] --END-- [ RunTime:0.000485s ]
INFO: BaseController->formatResolution :: user_session - 【】 $areacode - 【】
INFO: function->initConfig :: $areacode - 【】
INFO: [ view_parse ] --START--
INFO: [ template_filter ] --START--
INFO: Run Behavior\ContentReplaceBehavior [ RunTime:0.000043s ]
INFO: [ template_filter ] --END-- [ RunTime:0.000076s ]
INFO: Run Behavior\ParseTemplateBehavior [ RunTime:0.004471s ]
INFO: [ view_parse ] --END-- [ RunTime:0.004504s ]
INFO: [ view_filter ] --START--
INFO: Run Behavior\WriteHtmlCacheBehavior [ RunTime:0.000333s ]
INFO: [ view_filter ] --END-- [ RunTime:0.000354s ]
INFO: [ app_end ] --START--
INFO: Run Behavior\ShowPageTraceBehavior [ RunTime:0.000501s ]
INFO: [ app_end ] --END-- [ RunTime:0.000523s ]

[ 2016-11-22T09:37:16+08:00 ] 127.0.0.1 /index/Application/Upload/1280x720/background/BG.png
INFO: [ app_init ] --START--
INFO: Run Behavior\BuildLiteBehavior [ RunTime:0.000012s ]
INFO: [ app_init ] --END-- [ RunTime:0.000482s ]

[ 2016-11-22T09:37:16+08:00 ] 127.0.0.1 /index/pageconfig/getpagedata?areacode=&websitecode=&_v=77591
INFO: [ app_init ] --START--
INFO: Run Behavior\BuildLiteBehavior [ RunTime:0.000017s ]
INFO: [ app_init ] --END-- [ RunTime:0.000514s ]
INFO: [ app_begin ] --START--
INFO: Run Behavior\ReadHtmlCacheBehavior [ RunTime:0.000640s ]
INFO: [ app_begin ] --END-- [ RunTime:0.000693s ]
ERR: 非法操作:pageconfig

[ 2016-11-22T09:37:16+08:00 ] 127.0.0.1 /index/QiHao/getuser?usercode=&user_session=&_v=21379
INFO: [ app_init ] --START--
INFO: Run Behavior\BuildLiteBehavior [ RunTime:0.000012s ]
INFO: [ app_init ] --END-- [ RunTime:0.000544s ]
INFO: [ app_begin ] --START--
INFO: Run Behavior\ReadHtmlCacheBehavior [ RunTime:0.000776s ]
INFO: [ app_begin ] --END-- [ RunTime:0.000837s ]
ERR: 非法操作:QiHao

[ 2016-11-22T09:37:16+08:00 ] 127.0.0.1 /index/ActionLog/record?usercode=&user_session=&actiondata=%7B%27sitecode%27%3A%27%27%2C%27action%27%3A%27%E8%BF%9B%E5%85%A5%27%2C%27page%27%3A%27%E9%A6%96%E9%A1%B5_%5B%5D%27%2C%27detail%27%3A%27%27%7D&_v=2244
INFO: [ app_init ] --START--
INFO: Run Behavior\BuildLiteBehavior [ RunTime:0.000020s ]
INFO: [ app_init ] --END-- [ RunTime:0.000756s ]
INFO: [ app_begin ] --START--
INFO: Run Behavior\ReadHtmlCacheBehavior [ RunTime:0.000803s ]
INFO: [ app_begin ] --END-- [ RunTime:0.000861s ]
ERR: 非法操作:ActionLog

[ 2016-11-22T09:41:33+08:00 ] 127.0.0.1 /index
INFO: [ app_init ] --START--
INFO: Run Behavior\BuildLiteBehavior [ RunTime:0.000011s ]
INFO: [ app_init ] --END-- [ RunTime:0.000436s ]
INFO: [ app_begin ] --START--
INFO: Run Behavior\ReadHtmlCacheBehavior [ RunTime:0.000520s ]
INFO: [ app_begin ] --END-- [ RunTime:0.000553s ]
INFO: BaseController->formatResolution :: user_session - 【】 $areacode - 【】
INFO: function->initConfig :: $areacode - 【】
NOTIC: [8] Undefined index: header D:\tpcloud\tvportal\app\Home\Common\function.php 第 68 行.
NOTIC: [2] http_build_query(): Parameter 1 expected to be Array or Object.  Incorrect value given D:\tpcloud\tvportal\app\Home\Common\function.php 第 78 行.
NOTIC: [2] file_get_contents(/pageconfig/getactiveinfo?areacode=): failed to open stream: No error D:\tpcloud\tvportal\app\Home\Common\function.php 第 81 行.
DEBUG: redirecturl - [http://127.0.0.1/index/showpage?usercode=&user_session=&websitecode=&backUrl=]

[ 2016-11-22T09:41:43+08:00 ] 127.0.0.1 /index/showpage?usercode=&user_session=&websitecode=&backUrl=
INFO: [ app_init ] --START--
INFO: Run Behavior\BuildLiteBehavior [ RunTime:0.000011s ]
INFO: [ app_init ] --END-- [ RunTime:0.000375s ]
INFO: [ app_begin ] --START--
INFO: Run Behavior\ReadHtmlCacheBehavior [ RunTime:0.000448s ]
INFO: [ app_begin ] --END-- [ RunTime:0.000481s ]
INFO: BaseController->formatResolution :: user_session - 【】 $areacode - 【】
INFO: function->initConfig :: $areacode - 【】
INFO: [ view_parse ] --START--
INFO: [ template_filter ] --START--
INFO: Run Behavior\ContentReplaceBehavior [ RunTime:0.000059s ]
INFO: [ template_filter ] --END-- [ RunTime:0.000106s ]
INFO: Run Behavior\ParseTemplateBehavior [ RunTime:0.004857s ]
INFO: [ view_parse ] --END-- [ RunTime:0.004899s ]
INFO: [ view_filter ] --START--
INFO: Run Behavior\WriteHtmlCacheBehavior [ RunTime:0.000381s ]
INFO: [ view_filter ] --END-- [ RunTime:0.000404s ]
INFO: [ app_end ] --START--
INFO: Run Behavior\ShowPageTraceBehavior [ RunTime:0.000532s ]
INFO: [ app_end ] --END-- [ RunTime:0.000555s ]

[ 2016-11-22T09:41:43+08:00 ] 127.0.0.1 /index/QiHao/getuser?usercode=&user_session=&_v=81869
INFO: [ app_init ] --START--
INFO: Run Behavior\BuildLiteBehavior [ RunTime:0.000010s ]
INFO: [ app_init ] --END-- [ RunTime:0.000339s ]
INFO: [ app_begin ] --START--
INFO: Run Behavior\ReadHtmlCacheBehavior [ RunTime:0.000403s ]
INFO: [ app_begin ] --END-- [ RunTime:0.000437s ]
ERR: 非法操作:QiHao

[ 2016-11-22T09:41:43+08:00 ] 127.0.0.1 /index/pageconfig/getpagedata?areacode=&websitecode=&_v=38738
INFO: [ app_init ] --START--
INFO: Run Behavior\BuildLiteBehavior [ RunTime:0.000013s ]
INFO: [ app_init ] --END-- [ RunTime:0.000357s ]
INFO: [ app_begin ] --START--
INFO: Run Behavior\ReadHtmlCacheBehavior [ RunTime:0.000635s ]
INFO: [ app_begin ] --END-- [ RunTime:0.000708s ]
ERR: 非法操作:pageconfig

[ 2016-11-22T09:41:43+08:00 ] 127.0.0.1 /index/Application/Upload/1280x720/background/BG.png
INFO: [ app_init ] --START--
INFO: Run Behavior\BuildLiteBehavior [ RunTime:0.000009s ]
INFO: [ app_init ] --END-- [ RunTime:0.000384s ]

[ 2016-11-22T09:41:44+08:00 ] 127.0.0.1 /index/ActionLog/record?usercode=&user_session=&actiondata=%7B%27sitecode%27%3A%27%27%2C%27action%27%3A%27%E8%BF%9B%E5%85%A5%27%2C%27page%27%3A%27%E9%A6%96%E9%A1%B5_%5B%5D%27%2C%27detail%27%3A%27%27%7D&_v=4418
INFO: [ app_init ] --START--
INFO: Run Behavior\BuildLiteBehavior [ RunTime:0.000011s ]
INFO: [ app_init ] --END-- [ RunTime:0.000576s ]
INFO: [ app_begin ] --START--
INFO: Run Behavior\ReadHtmlCacheBehavior [ RunTime:0.000739s ]
INFO: [ app_begin ] --END-- [ RunTime:0.000787s ]
ERR: 非法操作:ActionLog

[ 2016-11-22T09:43:28+08:00 ] 127.0.0.1 /index/showpage?usercode=&user_session=&websitecode=&backUrl=
INFO: [ app_init ] --START--
INFO: Run Behavior\BuildLiteBehavior [ RunTime:0.000010s ]
INFO: [ app_init ] --END-- [ RunTime:0.000438s ]
INFO: [ app_begin ] --START--
INFO: Run Behavior\ReadHtmlCacheBehavior [ RunTime:0.000486s ]
INFO: [ app_begin ] --END-- [ RunTime:0.000529s ]
INFO: BaseController->formatResolution :: user_session - 【】 $areacode - 【】
INFO: function->initConfig :: $areacode - 【】
INFO: [ view_parse ] --START--
INFO: [ template_filter ] --START--
INFO: Run Behavior\ContentReplaceBehavior [ RunTime:0.000052s ]
INFO: [ template_filter ] --END-- [ RunTime:0.000094s ]
INFO: Run Behavior\ParseTemplateBehavior [ RunTime:0.005579s ]
INFO: [ view_parse ] --END-- [ RunTime:0.005620s ]
INFO: [ view_filter ] --START--
INFO: Run Behavior\WriteHtmlCacheBehavior [ RunTime:0.000390s ]
INFO: [ view_filter ] --END-- [ RunTime:0.000416s ]
INFO: [ app_end ] --START--
INFO: Run Behavior\ShowPageTraceBehavior [ RunTime:0.000575s ]
INFO: [ app_end ] --END-- [ RunTime:0.000602s ]

[ 2016-11-22T09:43:28+08:00 ] 127.0.0.1 /index/QiHao/getuser?usercode=&user_session=&_v=81206
INFO: [ app_init ] --START--
INFO: Run Behavior\BuildLiteBehavior [ RunTime:0.000014s ]
INFO: [ app_init ] --END-- [ RunTime:0.000601s ]
INFO: [ app_begin ] --START--
INFO: Run Behavior\ReadHtmlCacheBehavior [ RunTime:0.000720s ]
INFO: [ app_begin ] --END-- [ RunTime:0.000833s ]
ERR: 非法操作:QiHao

[ 2016-11-22T09:43:28+08:00 ] 127.0.0.1 /index/pageconfig/getpagedata?areacode=&websitecode=&_v=92465
INFO: [ app_init ] --START--
INFO: Run Behavior\BuildLiteBehavior [ RunTime:0.000010s ]
INFO: [ app_init ] --END-- [ RunTime:0.000342s ]
INFO: [ app_begin ] --START--
INFO: Run Behavior\ReadHtmlCacheBehavior [ RunTime:0.000407s ]
INFO: [ app_begin ] --END-- [ RunTime:0.000441s ]
ERR: 非法操作:pageconfig

[ 2016-11-22T09:43:28+08:00 ] 127.0.0.1 /index/Application/Upload/1280x720/background/BG.png
INFO: [ app_init ] --START--
INFO: Run Behavior\BuildLiteBehavior [ RunTime:0.000011s ]
INFO: [ app_init ] --END-- [ RunTime:0.000418s ]

[ 2016-11-22T09:43:28+08:00 ] 127.0.0.1 /index/ActionLog/record?usercode=&user_session=&actiondata=%7B%27sitecode%27%3A%27%27%2C%27action%27%3A%27%E8%BF%9B%E5%85%A5%27%2C%27page%27%3A%27%E9%A6%96%E9%A1%B5_%5B%5D%27%2C%27detail%27%3A%27%27%7D&_v=89823
INFO: [ app_init ] --START--
INFO: Run Behavior\BuildLiteBehavior [ RunTime:0.000008s ]
INFO: [ app_init ] --END-- [ RunTime:0.000367s ]
INFO: [ app_begin ] --START--
INFO: Run Behavior\ReadHtmlCacheBehavior [ RunTime:0.000513s ]
INFO: [ app_begin ] --END-- [ RunTime:0.000543s ]
ERR: 非法操作:ActionLog

[ 2016-11-22T09:43:29+08:00 ] 127.0.0.1 /index/showpage?usercode=&user_session=&websitecode=&backUrl=
INFO: [ app_init ] --START--
INFO: Run Behavior\BuildLiteBehavior [ RunTime:0.000015s ]
INFO: [ app_init ] --END-- [ RunTime:0.000765s ]
INFO: [ app_begin ] --START--
INFO: Run Behavior\ReadHtmlCacheBehavior [ RunTime:0.001182s ]
INFO: [ app_begin ] --END-- [ RunTime:0.001278s ]
INFO: BaseController->formatResolution :: user_session - 【】 $areacode - 【】
INFO: function->initConfig :: $areacode - 【】
INFO: [ view_parse ] --START--
INFO: [ template_filter ] --START--
INFO: Run Behavior\ContentReplaceBehavior [ RunTime:0.000053s ]
INFO: [ template_filter ] --END-- [ RunTime:0.000100s ]
INFO: Run Behavior\ParseTemplateBehavior [ RunTime:0.007209s ]
INFO: [ view_parse ] --END-- [ RunTime:0.007258s ]
INFO: [ view_filter ] --START--
INFO: Run Behavior\WriteHtmlCacheBehavior [ RunTime:0.000418s ]
INFO: [ view_filter ] --END-- [ RunTime:0.000446s ]
INFO: [ app_end ] --START--
INFO: Run Behavior\ShowPageTraceBehavior [ RunTime:0.000631s ]
INFO: [ app_end ] --END-- [ RunTime:0.000659s ]

[ 2016-11-22T09:43:29+08:00 ] 127.0.0.1 /index/QiHao/getuser?usercode=&user_session=&_v=99622
INFO: [ app_init ] --START--
INFO: Run Behavior\BuildLiteBehavior [ RunTime:0.000015s ]
INFO: [ app_init ] --END-- [ RunTime:0.000568s ]
INFO: [ app_begin ] --START--
INFO: Run Behavior\ReadHtmlCacheBehavior [ RunTime:0.000623s ]
INFO: [ app_begin ] --END-- [ RunTime:0.000678s ]
ERR: 非法操作:QiHao

[ 2016-11-22T09:43:29+08:00 ] 127.0.0.1 /index/pageconfig/getpagedata?areacode=&websitecode=&_v=89461
INFO: [ app_init ] --START--
INFO: Run Behavior\BuildLiteBehavior [ RunTime:0.000024s ]
INFO: [ app_init ] --END-- [ RunTime:0.000729s ]
INFO: [ app_begin ] --START--
INFO: Run Behavior\ReadHtmlCacheBehavior [ RunTime:0.000724s ]
INFO: [ app_begin ] --END-- [ RunTime:0.000790s ]
ERR: 非法操作:pageconfig

[ 2016-11-22T09:43:29+08:00 ] 127.0.0.1 /index/Application/Upload/1280x720/background/BG.png
INFO: [ app_init ] --START--
INFO: Run Behavior\BuildLiteBehavior [ RunTime:0.000008s ]
INFO: [ app_init ] --END-- [ RunTime:0.000351s ]

[ 2016-11-22T09:43:29+08:00 ] 127.0.0.1 /index/ActionLog/record?usercode=&user_session=&actiondata=%7B%27sitecode%27%3A%27%27%2C%27action%27%3A%27%E8%BF%9B%E5%85%A5%27%2C%27page%27%3A%27%E9%A6%96%E9%A1%B5_%5B%5D%27%2C%27detail%27%3A%27%27%7D&_v=8590
INFO: [ app_init ] --START--
INFO: Run Behavior\BuildLiteBehavior [ RunTime:0.000010s ]
INFO: [ app_init ] --END-- [ RunTime:0.000373s ]
INFO: [ app_begin ] --START--
INFO: Run Behavior\ReadHtmlCacheBehavior [ RunTime:0.000416s ]
INFO: [ app_begin ] --END-- [ RunTime:0.000444s ]
ERR: 非法操作:ActionLog

[ 2016-11-22T09:43:30+08:00 ] 127.0.0.1 /index/showpage?usercode=&user_session=&websitecode=&backUrl=
INFO: [ app_init ] --START--
INFO: Run Behavior\BuildLiteBehavior [ RunTime:0.000018s ]
INFO: [ app_init ] --END-- [ RunTime:0.000818s ]
INFO: [ app_begin ] --START--
INFO: Run Behavior\ReadHtmlCacheBehavior [ RunTime:0.001125s ]
INFO: [ app_begin ] --END-- [ RunTime:0.001209s ]
INFO: BaseController->formatResolution :: user_session - 【】 $areacode - 【】
INFO: function->initConfig :: $areacode - 【】
INFO: [ view_parse ] --START--
INFO: [ template_filter ] --START--
INFO: Run Behavior\ContentReplaceBehavior [ RunTime:0.000046s ]
INFO: [ template_filter ] --END-- [ RunTime:0.000082s ]
INFO: Run Behavior\ParseTemplateBehavior [ RunTime:0.004358s ]
INFO: [ view_parse ] --END-- [ RunTime:0.004393s ]
INFO: [ view_filter ] --START--
INFO: Run Behavior\WriteHtmlCacheBehavior [ RunTime:0.000289s ]
INFO: [ view_filter ] --END-- [ RunTime:0.000313s ]
INFO: [ app_end ] --START--
INFO: Run Behavior\ShowPageTraceBehavior [ RunTime:0.000526s ]
INFO: [ app_end ] --END-- [ RunTime:0.000553s ]

[ 2016-11-22T09:43:30+08:00 ] 127.0.0.1 /index/QiHao/getuser?usercode=&user_session=&_v=22814
INFO: [ app_init ] --START--
INFO: Run Behavior\BuildLiteBehavior [ RunTime:0.000010s ]
INFO: [ app_init ] --END-- [ RunTime:0.000357s ]
INFO: [ app_begin ] --START--
INFO: Run Behavior\ReadHtmlCacheBehavior [ RunTime:0.000755s ]
INFO: [ app_begin ] --END-- [ RunTime:0.000807s ]
ERR: 非法操作:QiHao

[ 2016-11-22T09:43:30+08:00 ] 127.0.0.1 /index/Application/Upload/1280x720/background/BG.png
INFO: [ app_init ] --START--
INFO: Run Behavior\BuildLiteBehavior [ RunTime:0.000007s ]
INFO: [ app_init ] --END-- [ RunTime:0.000354s ]

[ 2016-11-22T09:43:30+08:00 ] 127.0.0.1 /index/pageconfig/getpagedata?areacode=&websitecode=&_v=73623
INFO: [ app_init ] --START--
INFO: Run Behavior\BuildLiteBehavior [ RunTime:0.000011s ]
INFO: [ app_init ] --END-- [ RunTime:0.000498s ]
INFO: [ app_begin ] --START--
INFO: Run Behavior\ReadHtmlCacheBehavior [ RunTime:0.000561s ]
INFO: [ app_begin ] --END-- [ RunTime:0.000614s ]
ERR: 非法操作:pageconfig

[ 2016-11-22T09:43:30+08:00 ] 127.0.0.1 /index/ActionLog/record?usercode=&user_session=&actiondata=%7B%27sitecode%27%3A%27%27%2C%27action%27%3A%27%E8%BF%9B%E5%85%A5%27%2C%27page%27%3A%27%E9%A6%96%E9%A1%B5_%5B%5D%27%2C%27detail%27%3A%27%27%7D&_v=74414
INFO: [ app_init ] --START--
INFO: Run Behavior\BuildLiteBehavior [ RunTime:0.000016s ]
INFO: [ app_init ] --END-- [ RunTime:0.000710s ]
INFO: [ app_begin ] --START--
INFO: Run Behavior\ReadHtmlCacheBehavior [ RunTime:0.000833s ]
INFO: [ app_begin ] --END-- [ RunTime:0.000892s ]
ERR: 非法操作:ActionLog

[ 2016-11-22T09:43:31+08:00 ] 127.0.0.1 /index/showpage?usercode=&user_session=&websitecode=&backUrl=
INFO: [ app_init ] --START--
INFO: Run Behavior\BuildLiteBehavior [ RunTime:0.000009s ]
INFO: [ app_init ] --END-- [ RunTime:0.000348s ]
INFO: [ app_begin ] --START--
INFO: Run Behavior\ReadHtmlCacheBehavior [ RunTime:0.000420s ]
INFO: [ app_begin ] --END-- [ RunTime:0.000449s ]
INFO: BaseController->formatResolution :: user_session - 【】 $areacode - 【】
INFO: function->initConfig :: $areacode - 【】
INFO: [ view_parse ] --START--
INFO: [ template_filter ] --START--
INFO: Run Behavior\ContentReplaceBehavior [ RunTime:0.000041s ]
INFO: [ template_filter ] --END-- [ RunTime:0.000073s ]
INFO: Run Behavior\ParseTemplateBehavior [ RunTime:0.004082s ]
INFO: [ view_parse ] --END-- [ RunTime:0.004119s ]
INFO: [ view_filter ] --START--
INFO: Run Behavior\WriteHtmlCacheBehavior [ RunTime:0.000308s ]
INFO: [ view_filter ] --END-- [ RunTime:0.000331s ]
INFO: [ app_end ] --START--
INFO: Run Behavior\ShowPageTraceBehavior [ RunTime:0.000453s ]
INFO: [ app_end ] --END-- [ RunTime:0.000476s ]

[ 2016-11-22T09:43:31+08:00 ] 127.0.0.1 /index/Application/Upload/1280x720/background/BG.png
INFO: [ app_init ] --START--
INFO: Run Behavior\BuildLiteBehavior [ RunTime:0.000012s ]
INFO: [ app_init ] --END-- [ RunTime:0.000490s ]

[ 2016-11-22T09:43:31+08:00 ] 127.0.0.1 /index/pageconfig/getpagedata?areacode=&websitecode=&_v=42799
INFO: [ app_init ] --START--
INFO: Run Behavior\BuildLiteBehavior [ RunTime:0.000015s ]
INFO: [ app_init ] --END-- [ RunTime:0.000493s ]
INFO: [ app_begin ] --START--
INFO: Run Behavior\ReadHtmlCacheBehavior [ RunTime:0.000630s ]
INFO: [ app_begin ] --END-- [ RunTime:0.000702s ]
ERR: 非法操作:pageconfig

[ 2016-11-22T09:43:31+08:00 ] 127.0.0.1 /index/QiHao/getuser?usercode=&user_session=&_v=95692
INFO: [ app_init ] --START--
INFO: Run Behavior\BuildLiteBehavior [ RunTime:0.000012s ]
INFO: [ app_init ] --END-- [ RunTime:0.000564s ]
INFO: [ app_begin ] --START--
INFO: Run Behavior\ReadHtmlCacheBehavior [ RunTime:0.000746s ]
INFO: [ app_begin ] --END-- [ RunTime:0.000807s ]
ERR: 非法操作:QiHao

[ 2016-11-22T09:43:31+08:00 ] 127.0.0.1 /index/ActionLog/record?usercode=&user_session=&actiondata=%7B%27sitecode%27%3A%27%27%2C%27action%27%3A%27%E8%BF%9B%E5%85%A5%27%2C%27page%27%3A%27%E9%A6%96%E9%A1%B5_%5B%5D%27%2C%27detail%27%3A%27%27%7D&_v=39795
INFO: [ app_init ] --START--
INFO: Run Behavior\BuildLiteBehavior [ RunTime:0.000016s ]
INFO: [ app_init ] --END-- [ RunTime:0.000697s ]
INFO: [ app_begin ] --START--
INFO: Run Behavior\ReadHtmlCacheBehavior [ RunTime:0.000444s ]
INFO: [ app_begin ] --END-- [ RunTime:0.000475s ]
ERR: 非法操作:ActionLog

[ 2016-11-22T09:43:33+08:00 ] 127.0.0.1 /index/showpage?usercode=&user_session=&websitecode=&backUrl=
INFO: [ app_init ] --START--
INFO: Run Behavior\BuildLiteBehavior [ RunTime:0.000009s ]
INFO: [ app_init ] --END-- [ RunTime:0.000395s ]
INFO: [ app_begin ] --START--
INFO: Run Behavior\ReadHtmlCacheBehavior [ RunTime:0.000435s ]
INFO: [ app_begin ] --END-- [ RunTime:0.000466s ]
INFO: BaseController->formatResolution :: user_session - 【】 $areacode - 【】
INFO: function->initConfig :: $areacode - 【】
INFO: [ view_parse ] --START--
INFO: [ template_filter ] --START--
INFO: Run Behavior\ContentReplaceBehavior [ RunTime:0.000041s ]
INFO: [ template_filter ] --END-- [ RunTime:0.000074s ]
INFO: Run Behavior\ParseTemplateBehavior [ RunTime:0.003958s ]
INFO: [ view_parse ] --END-- [ RunTime:0.003990s ]
INFO: [ view_filter ] --START--
INFO: Run Behavior\WriteHtmlCacheBehavior [ RunTime:0.000274s ]
INFO: [ view_filter ] --END-- [ RunTime:0.000295s ]
INFO: [ app_end ] --START--
INFO: Run Behavior\ShowPageTraceBehavior [ RunTime:0.000447s ]
INFO: [ app_end ] --END-- [ RunTime:0.000474s ]

[ 2016-11-22T09:43:33+08:00 ] 127.0.0.1 /index/Application/Upload/1280x720/background/BG.png
INFO: [ app_init ] --START--
INFO: Run Behavior\BuildLiteBehavior [ RunTime:0.000013s ]
INFO: [ app_init ] --END-- [ RunTime:0.000511s ]

[ 2016-11-22T09:43:33+08:00 ] 127.0.0.1 /index/QiHao/getuser?usercode=&user_session=&_v=38476
INFO: [ app_init ] --START--
INFO: Run Behavior\BuildLiteBehavior [ RunTime:0.000016s ]
INFO: [ app_init ] --END-- [ RunTime:0.000524s ]
INFO: [ app_begin ] --START--
INFO: Run Behavior\ReadHtmlCacheBehavior [ RunTime:0.001296s ]
INFO: [ app_begin ] --END-- [ RunTime:0.001363s ]
ERR: 非法操作:QiHao

[ 2016-11-22T09:43:33+08:00 ] 127.0.0.1 /index/pageconfig/getpagedata?areacode=&websitecode=&_v=38085
INFO: [ app_init ] --START--
INFO: Run Behavior\BuildLiteBehavior [ RunTime:0.000012s ]
INFO: [ app_init ] --END-- [ RunTime:0.000491s ]
INFO: [ app_begin ] --START--
INFO: Run Behavior\ReadHtmlCacheBehavior [ RunTime:0.000673s ]
INFO: [ app_begin ] --END-- [ RunTime:0.000735s ]
ERR: 非法操作:pageconfig

[ 2016-11-22T09:43:33+08:00 ] 127.0.0.1 /index/ActionLog/record?usercode=&user_session=&actiondata=%7B%27sitecode%27%3A%27%27%2C%27action%27%3A%27%E8%BF%9B%E5%85%A5%27%2C%27page%27%3A%27%E9%A6%96%E9%A1%B5_%5B%5D%27%2C%27detail%27%3A%27%27%7D&_v=18123
INFO: [ app_init ] --START--
INFO: Run Behavior\BuildLiteBehavior [ RunTime:0.000013s ]
INFO: [ app_init ] --END-- [ RunTime:0.000475s ]
INFO: [ app_begin ] --START--
INFO: Run Behavior\ReadHtmlCacheBehavior [ RunTime:0.000487s ]
INFO: [ app_begin ] --END-- [ RunTime:0.000522s ]
ERR: 非法操作:ActionLog

